2019-07-20 23:43:31 DEBUG logging:35 - Logging Provider: org.jboss.logging.Log4jLoggerProvider
2019-07-20 23:43:31 INFO  Version:152 - WELD-000900: 2.2.6 (Final)
2019-07-20 23:43:33 DEBUG DefaultBeanArchiveScanner:123 - Resolved bean archive reference: /home/duchuy/Sources/Topica/DucDH_Topica/BTVN_THAYHUY/BTVN_MODULE_01/target/classes for URL: file:/home/duchuy/Sources/Topica/DucDH_Topica/BTVN_THAYHUY/BTVN_MODULE_01/target/classes/META-INF/beans.xml
2019-07-20 23:43:33 DEBUG FileSystemBeanArchiveHandler:58 - Handle path: /home/duchuy/Sources/Topica/DucDH_Topica/BTVN_THAYHUY/BTVN_MODULE_01/target/classes
2019-07-20 23:43:33 DEBUG FileSystemBeanArchiveHandler:90 - Handle directory: /home/duchuy/Sources/Topica/DucDH_Topica/BTVN_THAYHUY/BTVN_MODULE_01/target/classes
2019-07-20 23:43:33 DEBUG FileSystemBeanArchiveHandler:90 - Handle directory: /home/duchuy/Sources/Topica/DucDH_Topica/BTVN_THAYHUY/BTVN_MODULE_01/target/classes/META-INF
2019-07-20 23:43:33 DEBUG FileSystemBeanArchiveHandler:90 - Handle directory: /home/duchuy/Sources/Topica/DucDH_Topica/BTVN_THAYHUY/BTVN_MODULE_01/target/classes/com
2019-07-20 23:43:33 DEBUG FileSystemBeanArchiveHandler:90 - Handle directory: /home/duchuy/Sources/Topica/DucDH_Topica/BTVN_THAYHUY/BTVN_MODULE_01/target/classes/com/topica
2019-07-20 23:43:33 DEBUG FileSystemBeanArchiveHandler:90 - Handle directory: /home/duchuy/Sources/Topica/DucDH_Topica/BTVN_THAYHUY/BTVN_MODULE_01/target/classes/com/topica/spoj
2019-07-20 23:43:33 DEBUG FileSystemBeanArchiveHandler:90 - Handle directory: /home/duchuy/Sources/Topica/DucDH_Topica/BTVN_THAYHUY/BTVN_MODULE_01/target/classes/com/topica/spoj/exception
2019-07-20 23:43:33 DEBUG FileSystemBeanArchiveHandler:90 - Handle directory: /home/duchuy/Sources/Topica/DucDH_Topica/BTVN_THAYHUY/BTVN_MODULE_01/target/classes/com/topica/spoj/fetch
2019-07-20 23:43:33 DEBUG FileSystemBeanArchiveHandler:90 - Handle directory: /home/duchuy/Sources/Topica/DucDH_Topica/BTVN_THAYHUY/BTVN_MODULE_01/target/classes/com/topica/spoj/services
2019-07-20 23:43:33 DEBUG FileSystemBeanArchiveHandler:90 - Handle directory: /home/duchuy/Sources/Topica/DucDH_Topica/BTVN_THAYHUY/BTVN_MODULE_01/target/classes/com/topica/spoj/services/impl
2019-07-20 23:43:33 DEBUG Bootstrap:221 - WELD-ENV-000024: Archive isolation enabled - creating multiple isolated bean archives if needed
2019-07-20 23:43:33 INFO  Bootstrap:207 - WELD-000101: Transactional services not available. Injection of @Inject UserTransaction not available. Transactional observers will be invoked synchronously.
2019-07-20 23:43:33 DEBUG Bootstrap:40 - WELD-000124: Using 2 threads for bootstrap
2019-07-20 23:43:33 WARN  Interceptor:47 - WELD-001700: Interceptor annotation class javax.ejb.PostActivate not found, interception based on it is not enabled
2019-07-20 23:43:33 WARN  Interceptor:47 - WELD-001700: Interceptor annotation class javax.ejb.PrePassivate not found, interception based on it is not enabled
2019-07-20 23:43:34 DEBUG Bootstrap:504 - WELD-000106: Bean: WELD%AbstractSyntheticBean%deployment%ApplicationContext
2019-07-20 23:43:34 DEBUG Reflection:72 - WELD-000601: interface javax.inject.Singleton is missing @Target. Weld will use this annotation, however this may make the application unportable.
2019-07-20 23:43:34 DEBUG Bootstrap:504 - WELD-000106: Bean: WELD%AbstractSyntheticBean%deployment%SingletonContext
2019-07-20 23:43:34 DEBUG Bootstrap:504 - WELD-000106: Bean: WELD%AbstractSyntheticBean%deployment%BoundSessionContext
2019-07-20 23:43:34 DEBUG Bootstrap:504 - WELD-000106: Bean: WELD%AbstractSyntheticBean%deployment%BoundConversationContext
2019-07-20 23:43:34 DEBUG Bootstrap:504 - WELD-000106: Bean: WELD%AbstractSyntheticBean%deployment%BoundRequestContext
2019-07-20 23:43:34 DEBUG Bootstrap:504 - WELD-000106: Bean: WELD%AbstractSyntheticBean%deployment%RequestContext
2019-07-20 23:43:34 DEBUG Bootstrap:504 - WELD-000106: Bean: WELD%AbstractSyntheticBean%deployment%DependentContext
2019-07-20 23:43:34 DEBUG Bootstrap:504 - WELD-000106: Bean: Built-in Bean [javax.enterprise.inject.spi.BeanManager] with qualifiers [@Default]
2019-07-20 23:43:34 DEBUG Bootstrap:504 - WELD-000106: Bean: Built-in Bean [org.jboss.weld.manager.BeanManagerImpl] with qualifiers [@Default]
2019-07-20 23:43:34 DEBUG Bootstrap:504 - WELD-000106: Bean: Extension [class org.jboss.weld.environment.se.WeldSEBeanRegistrant] with qualifiers [@Default]; jar:file:/home/duchuy/.m2/repository/org/jboss/weld/se/weld-se/2.2.6.Final/weld-se-2.2.6.Final.jar!/META-INF/services/javax.enterprise.inject.spi.Extension@1[org.jboss.weld.environment.se.WeldSEBeanRegistrant@2b546384]
2019-07-20 23:43:34 DEBUG Bootstrap:504 - WELD-000106: Bean: Built-in Bean [javax.enterprise.inject.spi.BeanManager] with qualifiers [@Default]
2019-07-20 23:43:34 DEBUG Bootstrap:504 - WELD-000106: Bean: Built-in Bean [org.jboss.weld.manager.BeanManagerImpl] with qualifiers [@Default]
2019-07-20 23:43:34 DEBUG Bootstrap:223 - WELD-000103: Enabled alternatives for Weld BeanManager for /home/duchuy/Sources/Topica/DucDH_Topica/BTVN_THAYHUY/BTVN_MODULE_01/target/classes [bean count=3]: (empty collection)
2019-07-20 23:43:34 DEBUG Bootstrap:224 - WELD-000104: Enabled decorator types for Weld BeanManager for /home/duchuy/Sources/Topica/DucDH_Topica/BTVN_THAYHUY/BTVN_MODULE_01/target/classes [bean count=3]: (empty collection)
2019-07-20 23:43:34 DEBUG Bootstrap:225 - WELD-000105: Enabled interceptor types for Weld BeanManager for /home/duchuy/Sources/Topica/DucDH_Topica/BTVN_THAYHUY/BTVN_MODULE_01/target/classes [bean count=3]: (empty collection)
2019-07-20 23:43:34 DEBUG Bootstrap:108 - WELD-000108: Decorator: Decorator [class org.jboss.weld.environment.se.threading.RunnableDecorator] decorates [Runnable] with delegate type [Runnable] and delegate qualifiers [@Default]
2019-07-20 23:43:34 DEBUG Bootstrap:504 - WELD-000106: Bean: WELD%AbstractSyntheticBean%/home/duchuy/Sources/Topica/DucDH_Topica/BTVN_THAYHUY/BTVN_MODULE_01/target/classes%BoundConversationContext
2019-07-20 23:43:34 DEBUG Bootstrap:504 - WELD-000106: Bean: WELD%AbstractSyntheticBean%/home/duchuy/Sources/Topica/DucDH_Topica/BTVN_THAYHUY/BTVN_MODULE_01/target/classes%BoundSessionContext
2019-07-20 23:43:34 DEBUG Bootstrap:504 - WELD-000106: Bean: Implicit Bean [javax.enterprise.inject.spi.Interceptor] with qualifiers [@Default]
2019-07-20 23:43:34 DEBUG Bootstrap:504 - WELD-000106: Bean: Managed Bean [class com.topica.spoj.fetch.DownloadProvider] with qualifiers [@Any @Default]
2019-07-20 23:43:34 DEBUG Bootstrap:504 - WELD-000106: Bean: Implicit Bean [javax.enterprise.inject.spi.Bean] with qualifiers [@Decorated]
2019-07-20 23:43:34 DEBUG Bootstrap:504 - WELD-000106: Bean: WELD%AbstractSyntheticBean%/home/duchuy/Sources/Topica/DucDH_Topica/BTVN_THAYHUY/BTVN_MODULE_01/target/classes%RequestContext
2019-07-20 23:43:34 DEBUG Bootstrap:504 - WELD-000106: Bean: Producer Method [String[]] with qualifiers [@Parameters @Any] declared as [[UnbackedAnnotatedMethod] @Produces @Parameters public org.jboss.weld.environment.se.beans.ParametersFactory.getArgsAsArray()]
2019-07-20 23:43:34 DEBUG Bootstrap:504 - WELD-000106: Bean: Producer Method [List<String>] with qualifiers [@Parameters @Any] declared as [[UnbackedAnnotatedMethod] @Produces @Parameters public org.jboss.weld.environment.se.beans.ParametersFactory.getArgs()]
2019-07-20 23:43:34 DEBUG Bootstrap:504 - WELD-000106: Bean: WELD%AbstractSyntheticBean%/home/duchuy/Sources/Topica/DucDH_Topica/BTVN_THAYHUY/BTVN_MODULE_01/target/classes%SingletonContext
2019-07-20 23:43:34 DEBUG Bootstrap:504 - WELD-000106: Bean: Managed Bean [class com.topica.spoj.fetch.Constant] with qualifiers [@Any @Default]
2019-07-20 23:43:34 DEBUG Bootstrap:504 - WELD-000106: Bean: Managed Bean [class com.topica.spoj.services.impl.EmailProcessingServiceImpl] with qualifiers [@Default @Named @Any]
2019-07-20 23:43:34 DEBUG Bootstrap:504 - WELD-000106: Bean: Implicit Bean [javax.enterprise.inject.spi.Decorator] with qualifiers [@Default]
2019-07-20 23:43:34 DEBUG Bootstrap:504 - WELD-000106: Bean: Managed Bean [class org.jboss.weld.environment.se.beans.ParametersFactory] with qualifiers [@Any @Default]
2019-07-20 23:43:34 DEBUG Bootstrap:504 - WELD-000106: Bean: WELD%AbstractSyntheticBean%/home/duchuy/Sources/Topica/DucDH_Topica/BTVN_THAYHUY/BTVN_MODULE_01/target/classes%ApplicationContext
2019-07-20 23:43:34 DEBUG Bootstrap:504 - WELD-000106: Bean: Implicit Bean [javax.enterprise.event.Event] with qualifiers [@Default]
2019-07-20 23:43:34 DEBUG Bootstrap:504 - WELD-000106: Bean: Implicit Bean [javax.enterprise.inject.spi.Bean] with qualifiers [@Default]
2019-07-20 23:43:34 DEBUG Bootstrap:504 - WELD-000106: Bean: Managed Bean [class com.topica.spoj.Application] with qualifiers [@Any @Default]
2019-07-20 23:43:34 DEBUG Bootstrap:504 - WELD-000106: Bean: WELD%AbstractSyntheticBean%/home/duchuy/Sources/Topica/DucDH_Topica/BTVN_THAYHUY/BTVN_MODULE_01/target/classes%DependentContext
2019-07-20 23:43:34 DEBUG Bootstrap:504 - WELD-000106: Bean: Managed Bean [class org.jboss.weld.environment.se.WeldContainer] with qualifiers [@Any @Default]
2019-07-20 23:43:34 DEBUG Bootstrap:504 - WELD-000106: Bean: Managed Bean [class org.jboss.weld.environment.se.beans.InstanceManager] with qualifiers [@Any @Default]
2019-07-20 23:43:34 DEBUG Bootstrap:504 - WELD-000106: Bean: WELD%AbstractSyntheticBean%/home/duchuy/Sources/Topica/DucDH_Topica/BTVN_THAYHUY/BTVN_MODULE_01/target/classes%BoundRequestContext
2019-07-20 23:43:34 DEBUG Bootstrap:504 - WELD-000106: Bean: Implicit Bean [javax.enterprise.inject.spi.EventMetadata] with qualifiers [@Default]
2019-07-20 23:43:34 DEBUG Bootstrap:504 - WELD-000106: Bean: Implicit Bean [javax.enterprise.inject.Instance] with qualifiers [@Default]
2019-07-20 23:43:34 DEBUG Bootstrap:504 - WELD-000106: Bean: Implicit Bean [javax.enterprise.inject.spi.Bean] with qualifiers [@Intercepted]
2019-07-20 23:43:34 DEBUG Bootstrap:504 - WELD-000106: Bean: Managed Bean [class com.topica.spoj.fetch.Pop3Protocol] with qualifiers [@Default @Named @Any]
2019-07-20 23:43:34 DEBUG Bootstrap:504 - WELD-000106: Bean: WELD%AbstractSyntheticBean%/home/duchuy/Sources/Topica/DucDH_Topica/BTVN_THAYHUY/BTVN_MODULE_01/target/classes%Conversation
2019-07-20 23:43:34 DEBUG Bootstrap:504 - WELD-000106: Bean: Managed Bean [class com.topica.spoj.fetch.ImapProtocol] with qualifiers [@Default @Named @Any]
2019-07-20 23:43:34 DEBUG Bootstrap:504 - WELD-000106: Bean: Implicit Bean [javax.enterprise.inject.spi.InjectionPoint] with qualifiers [@Default]
2019-07-20 23:43:34 DEBUG Reflection:80 - WELD-000601: interface javax.inject.Named is missing @Target. Weld will use this annotation, however this may make the application unportable.
2019-07-20 23:43:34 DEBUG Bootstrap:431 - WELD-000100: Weld initialized. Validating beans
2019-07-20 23:43:34 DEBUG Reflection:82 - WELD-000620: interface javax.enterprise.inject.Decorated is not declared @Target(METHOD, FIELD, PARAMETER, TYPE). Weld will use this annotation, however this may make the application unportable.
2019-07-20 23:43:34 DEBUG Reflection:82 - WELD-000620: interface javax.enterprise.inject.Intercepted is not declared @Target(METHOD, FIELD, PARAMETER, TYPE). Weld will use this annotation, however this may make the application unportable.
2019-07-20 23:43:34 DEBUG DownloadProvider:124 - Data transmission: { protocol: pop3s, hostname: pop.gmail.com, port: 995, username: ittalent@topica.edu.vn, password: topica123 }
2019-07-20 23:43:41 INFO  DownloadProvider:82 - == Email #1: ====================================================
2019-07-20 23:43:41 INFO  DownloadProvider:83 - 	 From: it talent <ittalent@topica.edu.vn>
2019-07-20 23:43:41 INFO  DownloadProvider:84 - 	 To: hoangcongthanh1237d@gmail.com
2019-07-20 23:43:41 INFO  DownloadProvider:85 - 	 CC: 
2019-07-20 23:43:41 INFO  DownloadProvider:86 - 	 Subject: 
2019-07-20 23:43:41 INFO  DownloadProvider:87 - 	 Sent Date: Fri Jul 19 11:09:59 ICT 2019
2019-07-20 23:43:41 INFO  DownloadProvider:88 - 	 Message: javax.mail.internet.MimeMultipart@31ea9581
2019-07-20 23:43:41 INFO  DownloadProvider:89 - ================================================================

2019-07-20 23:43:41 INFO  DownloadProvider:82 - == Email #2: ====================================================
2019-07-20 23:43:41 INFO  DownloadProvider:83 - 	 From: it talent <ittalent@topica.edu.vn>
2019-07-20 23:43:41 INFO  DownloadProvider:84 - 	 To: nghiatestmail@gmail.com
2019-07-20 23:43:41 INFO  DownloadProvider:85 - 	 CC: 
2019-07-20 23:43:41 INFO  DownloadProvider:86 - 	 Subject: nghia gui
2019-07-20 23:43:41 INFO  DownloadProvider:87 - 	 Sent Date: Fri Jul 19 14:34:53 ICT 2019
2019-07-20 23:43:41 INFO  DownloadProvider:88 - 	 Message: javax.mail.internet.MimeMultipart@231f98ef
2019-07-20 23:43:41 INFO  DownloadProvider:89 - ================================================================

2019-07-20 23:43:42 INFO  DownloadProvider:82 - == Email #3: ====================================================
2019-07-20 23:43:42 INFO  DownloadProvider:83 - 	 From: it talent <ittalent@topica.edu.vn>
2019-07-20 23:43:42 INFO  DownloadProvider:84 - 	 To: hoangcongthanh1237d@gmail.com
2019-07-20 23:43:42 INFO  DownloadProvider:85 - 	 CC: 
2019-07-20 23:43:42 INFO  DownloadProvider:86 - 	 Subject: ITLAB-HOMEWORK
2019-07-20 23:43:42 INFO  DownloadProvider:87 - 	 Sent Date: Fri Jul 19 15:13:47 ICT 2019
2019-07-20 23:43:42 INFO  DownloadProvider:88 - 	 Message: javax.mail.internet.MimeMultipart@7c137fd5
2019-07-20 23:43:42 INFO  DownloadProvider:89 - ================================================================

2019-07-20 23:43:42 INFO  DownloadProvider:82 - == Email #4: ====================================================
2019-07-20 23:43:42 INFO  DownloadProvider:83 - 	 From: it talent <ittalent@topica.edu.vn>
2019-07-20 23:43:42 INFO  DownloadProvider:84 - 	 To: hoangcongthanh1237d@gmail.com
2019-07-20 23:43:42 INFO  DownloadProvider:85 - 	 CC: 
2019-07-20 23:43:42 INFO  DownloadProvider:86 - 	 Subject: demo
2019-07-20 23:43:42 INFO  DownloadProvider:87 - 	 Sent Date: Fri Jul 19 15:14:04 ICT 2019
2019-07-20 23:43:42 INFO  DownloadProvider:88 - 	 Message: javax.mail.internet.MimeMultipart@183ec003
2019-07-20 23:43:42 INFO  DownloadProvider:89 - ================================================================

2019-07-20 23:43:42 INFO  DownloadProvider:82 - == Email #5: ====================================================
2019-07-20 23:43:42 INFO  DownloadProvider:83 - 	 From: it talent <ittalent@topica.edu.vn>
2019-07-20 23:43:42 INFO  DownloadProvider:84 - 	 To: nghiatestmail@gmail.com
2019-07-20 23:43:42 INFO  DownloadProvider:85 - 	 CC: 
2019-07-20 23:43:42 INFO  DownloadProvider:86 - 	 Subject: nghia gui2
2019-07-20 23:43:42 INFO  DownloadProvider:87 - 	 Sent Date: Fri Jul 19 15:18:59 ICT 2019
2019-07-20 23:43:42 INFO  DownloadProvider:88 - 	 Message: javax.mail.internet.MimeMultipart@7d9d0818
2019-07-20 23:43:42 INFO  DownloadProvider:89 - ================================================================

2019-07-20 23:43:43 INFO  DownloadProvider:82 - == Email #6: ====================================================
2019-07-20 23:43:43 INFO  DownloadProvider:83 - 	 From: it talent <ittalent@topica.edu.vn>
2019-07-20 23:43:43 INFO  DownloadProvider:84 - 	 To: nghiatestmail@gmail.com
2019-07-20 23:43:43 INFO  DownloadProvider:85 - 	 CC: 
2019-07-20 23:43:43 INFO  DownloadProvider:86 - 	 Subject: nghia gui3
2019-07-20 23:43:43 INFO  DownloadProvider:87 - 	 Sent Date: Fri Jul 19 15:19:59 ICT 2019
2019-07-20 23:43:43 INFO  DownloadProvider:88 - 	 Message: javax.mail.internet.MimeMultipart@221a3fa4
2019-07-20 23:43:43 INFO  DownloadProvider:89 - ================================================================

2019-07-20 23:44:59 DEBUG logging:35 - Logging Provider: org.jboss.logging.Log4jLoggerProvider
2019-07-20 23:44:59 INFO  Version:152 - WELD-000900: 2.2.6 (Final)
2019-07-20 23:44:59 DEBUG DefaultBeanArchiveScanner:123 - Resolved bean archive reference: /home/duchuy/Sources/Topica/DucDH_Topica/BTVN_THAYHUY/BTVN_MODULE_01/target/classes for URL: file:/home/duchuy/Sources/Topica/DucDH_Topica/BTVN_THAYHUY/BTVN_MODULE_01/target/classes/META-INF/beans.xml
2019-07-20 23:44:59 DEBUG FileSystemBeanArchiveHandler:58 - Handle path: /home/duchuy/Sources/Topica/DucDH_Topica/BTVN_THAYHUY/BTVN_MODULE_01/target/classes
2019-07-20 23:44:59 DEBUG FileSystemBeanArchiveHandler:90 - Handle directory: /home/duchuy/Sources/Topica/DucDH_Topica/BTVN_THAYHUY/BTVN_MODULE_01/target/classes
2019-07-20 23:44:59 DEBUG FileSystemBeanArchiveHandler:90 - Handle directory: /home/duchuy/Sources/Topica/DucDH_Topica/BTVN_THAYHUY/BTVN_MODULE_01/target/classes/META-INF
2019-07-20 23:44:59 DEBUG FileSystemBeanArchiveHandler:90 - Handle directory: /home/duchuy/Sources/Topica/DucDH_Topica/BTVN_THAYHUY/BTVN_MODULE_01/target/classes/com
2019-07-20 23:44:59 DEBUG FileSystemBeanArchiveHandler:90 - Handle directory: /home/duchuy/Sources/Topica/DucDH_Topica/BTVN_THAYHUY/BTVN_MODULE_01/target/classes/com/topica
2019-07-20 23:44:59 DEBUG FileSystemBeanArchiveHandler:90 - Handle directory: /home/duchuy/Sources/Topica/DucDH_Topica/BTVN_THAYHUY/BTVN_MODULE_01/target/classes/com/topica/spoj
2019-07-20 23:44:59 DEBUG FileSystemBeanArchiveHandler:90 - Handle directory: /home/duchuy/Sources/Topica/DucDH_Topica/BTVN_THAYHUY/BTVN_MODULE_01/target/classes/com/topica/spoj/exception
2019-07-20 23:44:59 DEBUG FileSystemBeanArchiveHandler:90 - Handle directory: /home/duchuy/Sources/Topica/DucDH_Topica/BTVN_THAYHUY/BTVN_MODULE_01/target/classes/com/topica/spoj/fetch
2019-07-20 23:44:59 DEBUG FileSystemBeanArchiveHandler:90 - Handle directory: /home/duchuy/Sources/Topica/DucDH_Topica/BTVN_THAYHUY/BTVN_MODULE_01/target/classes/com/topica/spoj/services
2019-07-20 23:44:59 DEBUG FileSystemBeanArchiveHandler:90 - Handle directory: /home/duchuy/Sources/Topica/DucDH_Topica/BTVN_THAYHUY/BTVN_MODULE_01/target/classes/com/topica/spoj/services/impl
2019-07-20 23:44:59 DEBUG Bootstrap:221 - WELD-ENV-000024: Archive isolation enabled - creating multiple isolated bean archives if needed
2019-07-20 23:44:59 INFO  Bootstrap:207 - WELD-000101: Transactional services not available. Injection of @Inject UserTransaction not available. Transactional observers will be invoked synchronously.
2019-07-20 23:44:59 DEBUG Bootstrap:40 - WELD-000124: Using 2 threads for bootstrap
2019-07-20 23:44:59 WARN  Interceptor:47 - WELD-001700: Interceptor annotation class javax.ejb.PostActivate not found, interception based on it is not enabled
2019-07-20 23:44:59 WARN  Interceptor:47 - WELD-001700: Interceptor annotation class javax.ejb.PrePassivate not found, interception based on it is not enabled
2019-07-20 23:44:59 DEBUG Bootstrap:504 - WELD-000106: Bean: WELD%AbstractSyntheticBean%deployment%ApplicationContext
2019-07-20 23:44:59 DEBUG Reflection:72 - WELD-000601: interface javax.inject.Singleton is missing @Target. Weld will use this annotation, however this may make the application unportable.
2019-07-20 23:44:59 DEBUG Bootstrap:504 - WELD-000106: Bean: WELD%AbstractSyntheticBean%deployment%SingletonContext
2019-07-20 23:44:59 DEBUG Bootstrap:504 - WELD-000106: Bean: WELD%AbstractSyntheticBean%deployment%BoundSessionContext
2019-07-20 23:44:59 DEBUG Bootstrap:504 - WELD-000106: Bean: WELD%AbstractSyntheticBean%deployment%BoundConversationContext
2019-07-20 23:44:59 DEBUG Bootstrap:504 - WELD-000106: Bean: WELD%AbstractSyntheticBean%deployment%BoundRequestContext
2019-07-20 23:44:59 DEBUG Bootstrap:504 - WELD-000106: Bean: WELD%AbstractSyntheticBean%deployment%RequestContext
2019-07-20 23:44:59 DEBUG Bootstrap:504 - WELD-000106: Bean: WELD%AbstractSyntheticBean%deployment%DependentContext
2019-07-20 23:45:00 DEBUG Bootstrap:504 - WELD-000106: Bean: Built-in Bean [javax.enterprise.inject.spi.BeanManager] with qualifiers [@Default]
2019-07-20 23:45:00 DEBUG Bootstrap:504 - WELD-000106: Bean: Built-in Bean [org.jboss.weld.manager.BeanManagerImpl] with qualifiers [@Default]
2019-07-20 23:45:00 DEBUG Bootstrap:504 - WELD-000106: Bean: Extension [class org.jboss.weld.environment.se.WeldSEBeanRegistrant] with qualifiers [@Default]; jar:file:/home/duchuy/.m2/repository/org/jboss/weld/se/weld-se/2.2.6.Final/weld-se-2.2.6.Final.jar!/META-INF/services/javax.enterprise.inject.spi.Extension@1[org.jboss.weld.environment.se.WeldSEBeanRegistrant@20d3d15a]
2019-07-20 23:45:00 DEBUG Bootstrap:504 - WELD-000106: Bean: Built-in Bean [javax.enterprise.inject.spi.BeanManager] with qualifiers [@Default]
2019-07-20 23:45:00 DEBUG Bootstrap:504 - WELD-000106: Bean: Built-in Bean [org.jboss.weld.manager.BeanManagerImpl] with qualifiers [@Default]
2019-07-20 23:45:00 DEBUG Bootstrap:223 - WELD-000103: Enabled alternatives for Weld BeanManager for /home/duchuy/Sources/Topica/DucDH_Topica/BTVN_THAYHUY/BTVN_MODULE_01/target/classes [bean count=3]: (empty collection)
2019-07-20 23:45:00 DEBUG Bootstrap:224 - WELD-000104: Enabled decorator types for Weld BeanManager for /home/duchuy/Sources/Topica/DucDH_Topica/BTVN_THAYHUY/BTVN_MODULE_01/target/classes [bean count=3]: (empty collection)
2019-07-20 23:45:00 DEBUG Bootstrap:225 - WELD-000105: Enabled interceptor types for Weld BeanManager for /home/duchuy/Sources/Topica/DucDH_Topica/BTVN_THAYHUY/BTVN_MODULE_01/target/classes [bean count=3]: (empty collection)
2019-07-20 23:45:00 DEBUG Bootstrap:108 - WELD-000108: Decorator: Decorator [class org.jboss.weld.environment.se.threading.RunnableDecorator] decorates [Runnable] with delegate type [Runnable] and delegate qualifiers [@Default]
2019-07-20 23:45:00 DEBUG Bootstrap:504 - WELD-000106: Bean: WELD%AbstractSyntheticBean%/home/duchuy/Sources/Topica/DucDH_Topica/BTVN_THAYHUY/BTVN_MODULE_01/target/classes%BoundConversationContext
2019-07-20 23:45:00 DEBUG Bootstrap:504 - WELD-000106: Bean: WELD%AbstractSyntheticBean%/home/duchuy/Sources/Topica/DucDH_Topica/BTVN_THAYHUY/BTVN_MODULE_01/target/classes%BoundSessionContext
2019-07-20 23:45:00 DEBUG Bootstrap:504 - WELD-000106: Bean: Implicit Bean [javax.enterprise.inject.spi.Interceptor] with qualifiers [@Default]
2019-07-20 23:45:00 DEBUG Bootstrap:504 - WELD-000106: Bean: Managed Bean [class com.topica.spoj.fetch.DownloadProvider] with qualifiers [@Any @Default]
2019-07-20 23:45:00 DEBUG Bootstrap:504 - WELD-000106: Bean: Implicit Bean [javax.enterprise.inject.spi.Bean] with qualifiers [@Decorated]
2019-07-20 23:45:00 DEBUG Bootstrap:504 - WELD-000106: Bean: WELD%AbstractSyntheticBean%/home/duchuy/Sources/Topica/DucDH_Topica/BTVN_THAYHUY/BTVN_MODULE_01/target/classes%RequestContext
2019-07-20 23:45:00 DEBUG Bootstrap:504 - WELD-000106: Bean: Producer Method [String[]] with qualifiers [@Parameters @Any] declared as [[UnbackedAnnotatedMethod] @Produces @Parameters public org.jboss.weld.environment.se.beans.ParametersFactory.getArgsAsArray()]
2019-07-20 23:45:00 DEBUG Bootstrap:504 - WELD-000106: Bean: Producer Method [List<String>] with qualifiers [@Parameters @Any] declared as [[UnbackedAnnotatedMethod] @Produces @Parameters public org.jboss.weld.environment.se.beans.ParametersFactory.getArgs()]
2019-07-20 23:45:00 DEBUG Bootstrap:504 - WELD-000106: Bean: WELD%AbstractSyntheticBean%/home/duchuy/Sources/Topica/DucDH_Topica/BTVN_THAYHUY/BTVN_MODULE_01/target/classes%SingletonContext
2019-07-20 23:45:00 DEBUG Bootstrap:504 - WELD-000106: Bean: Managed Bean [class com.topica.spoj.fetch.Constant] with qualifiers [@Any @Default]
2019-07-20 23:45:00 DEBUG Bootstrap:504 - WELD-000106: Bean: Managed Bean [class com.topica.spoj.services.impl.EmailProcessingServiceImpl] with qualifiers [@Default @Named @Any]
2019-07-20 23:45:00 DEBUG Bootstrap:504 - WELD-000106: Bean: Implicit Bean [javax.enterprise.inject.spi.Decorator] with qualifiers [@Default]
2019-07-20 23:45:00 DEBUG Bootstrap:504 - WELD-000106: Bean: Managed Bean [class org.jboss.weld.environment.se.beans.ParametersFactory] with qualifiers [@Any @Default]
2019-07-20 23:45:00 DEBUG Bootstrap:504 - WELD-000106: Bean: WELD%AbstractSyntheticBean%/home/duchuy/Sources/Topica/DucDH_Topica/BTVN_THAYHUY/BTVN_MODULE_01/target/classes%ApplicationContext
2019-07-20 23:45:00 DEBUG Bootstrap:504 - WELD-000106: Bean: Implicit Bean [javax.enterprise.event.Event] with qualifiers [@Default]
2019-07-20 23:45:00 DEBUG Bootstrap:504 - WELD-000106: Bean: Implicit Bean [javax.enterprise.inject.spi.Bean] with qualifiers [@Default]
2019-07-20 23:45:00 DEBUG Bootstrap:504 - WELD-000106: Bean: Managed Bean [class com.topica.spoj.Application] with qualifiers [@Any @Default]
2019-07-20 23:45:00 DEBUG Bootstrap:504 - WELD-000106: Bean: WELD%AbstractSyntheticBean%/home/duchuy/Sources/Topica/DucDH_Topica/BTVN_THAYHUY/BTVN_MODULE_01/target/classes%DependentContext
2019-07-20 23:45:00 DEBUG Bootstrap:504 - WELD-000106: Bean: Managed Bean [class org.jboss.weld.environment.se.WeldContainer] with qualifiers [@Any @Default]
2019-07-20 23:45:00 DEBUG Bootstrap:504 - WELD-000106: Bean: Managed Bean [class org.jboss.weld.environment.se.beans.InstanceManager] with qualifiers [@Any @Default]
2019-07-20 23:45:00 DEBUG Bootstrap:504 - WELD-000106: Bean: WELD%AbstractSyntheticBean%/home/duchuy/Sources/Topica/DucDH_Topica/BTVN_THAYHUY/BTVN_MODULE_01/target/classes%BoundRequestContext
2019-07-20 23:45:00 DEBUG Bootstrap:504 - WELD-000106: Bean: Implicit Bean [javax.enterprise.inject.spi.EventMetadata] with qualifiers [@Default]
2019-07-20 23:45:00 DEBUG Bootstrap:504 - WELD-000106: Bean: Implicit Bean [javax.enterprise.inject.Instance] with qualifiers [@Default]
2019-07-20 23:45:00 DEBUG Bootstrap:504 - WELD-000106: Bean: Implicit Bean [javax.enterprise.inject.spi.Bean] with qualifiers [@Intercepted]
2019-07-20 23:45:00 DEBUG Bootstrap:504 - WELD-000106: Bean: Managed Bean [class com.topica.spoj.fetch.Pop3Protocol] with qualifiers [@Default @Named @Any]
2019-07-20 23:45:00 DEBUG Bootstrap:504 - WELD-000106: Bean: WELD%AbstractSyntheticBean%/home/duchuy/Sources/Topica/DucDH_Topica/BTVN_THAYHUY/BTVN_MODULE_01/target/classes%Conversation
2019-07-20 23:45:00 DEBUG Bootstrap:504 - WELD-000106: Bean: Managed Bean [class com.topica.spoj.fetch.ImapProtocol] with qualifiers [@Default @Named @Any]
2019-07-20 23:45:00 DEBUG Bootstrap:504 - WELD-000106: Bean: Implicit Bean [javax.enterprise.inject.spi.InjectionPoint] with qualifiers [@Default]
2019-07-20 23:45:00 DEBUG Reflection:80 - WELD-000601: interface javax.inject.Named is missing @Target. Weld will use this annotation, however this may make the application unportable.
2019-07-20 23:45:00 DEBUG Bootstrap:431 - WELD-000100: Weld initialized. Validating beans
2019-07-20 23:45:00 DEBUG Reflection:82 - WELD-000620: interface javax.enterprise.inject.Decorated is not declared @Target(METHOD, FIELD, PARAMETER, TYPE). Weld will use this annotation, however this may make the application unportable.
2019-07-20 23:45:00 DEBUG Reflection:82 - WELD-000620: interface javax.enterprise.inject.Intercepted is not declared @Target(METHOD, FIELD, PARAMETER, TYPE). Weld will use this annotation, however this may make the application unportable.
2019-07-20 23:45:00 DEBUG DownloadProvider:124 - Info: { protocol: pop3s, hostname: pop.gmail.com, port: 995, username: ittalent@topica.edu.vn, password: topica123 }
2019-07-20 23:45:04 INFO  DownloadProvider:82 - == Email #1: ====================================================
2019-07-20 23:45:04 INFO  DownloadProvider:83 - 	 From: it talent <ittalent@topica.edu.vn>
2019-07-20 23:45:04 INFO  DownloadProvider:84 - 	 To: hoangcongthanh1237d@gmail.com
2019-07-20 23:45:04 INFO  DownloadProvider:85 - 	 CC: 
2019-07-20 23:45:04 INFO  DownloadProvider:86 - 	 Subject: 
2019-07-20 23:45:04 INFO  DownloadProvider:87 - 	 Sent Date: Fri Jul 19 11:09:59 ICT 2019
2019-07-20 23:45:04 INFO  DownloadProvider:88 - 	 Message: javax.mail.internet.MimeMultipart@183ec003
2019-07-20 23:45:04 INFO  DownloadProvider:89 - ================================================================

2019-07-20 23:45:05 INFO  DownloadProvider:82 - == Email #2: ====================================================
2019-07-20 23:45:05 INFO  DownloadProvider:83 - 	 From: it talent <ittalent@topica.edu.vn>
2019-07-20 23:45:05 INFO  DownloadProvider:84 - 	 To: nghiatestmail@gmail.com
2019-07-20 23:45:05 INFO  DownloadProvider:85 - 	 CC: 
2019-07-20 23:45:05 INFO  DownloadProvider:86 - 	 Subject: nghia gui
2019-07-20 23:45:05 INFO  DownloadProvider:87 - 	 Sent Date: Fri Jul 19 14:34:53 ICT 2019
2019-07-20 23:45:05 INFO  DownloadProvider:88 - 	 Message: javax.mail.internet.MimeMultipart@7d9d0818
2019-07-20 23:45:05 INFO  DownloadProvider:89 - ================================================================

2019-07-20 23:45:05 INFO  DownloadProvider:82 - == Email #3: ====================================================
2019-07-20 23:45:05 INFO  DownloadProvider:83 - 	 From: it talent <ittalent@topica.edu.vn>
2019-07-20 23:45:05 INFO  DownloadProvider:84 - 	 To: hoangcongthanh1237d@gmail.com
2019-07-20 23:45:05 INFO  DownloadProvider:85 - 	 CC: 
2019-07-20 23:45:05 INFO  DownloadProvider:86 - 	 Subject: ITLAB-HOMEWORK
2019-07-20 23:45:05 INFO  DownloadProvider:87 - 	 Sent Date: Fri Jul 19 15:13:47 ICT 2019
2019-07-20 23:45:05 INFO  DownloadProvider:88 - 	 Message: javax.mail.internet.MimeMultipart@221a3fa4
2019-07-20 23:45:05 INFO  DownloadProvider:89 - ================================================================

2019-07-20 23:45:05 INFO  DownloadProvider:82 - == Email #4: ====================================================
2019-07-20 23:45:05 INFO  DownloadProvider:83 - 	 From: it talent <ittalent@topica.edu.vn>
2019-07-20 23:45:05 INFO  DownloadProvider:84 - 	 To: hoangcongthanh1237d@gmail.com
2019-07-20 23:45:05 INFO  DownloadProvider:85 - 	 CC: 
2019-07-20 23:45:05 INFO  DownloadProvider:86 - 	 Subject: demo
2019-07-20 23:45:05 INFO  DownloadProvider:87 - 	 Sent Date: Fri Jul 19 15:14:04 ICT 2019
2019-07-20 23:45:05 INFO  DownloadProvider:88 - 	 Message: javax.mail.internet.MimeMultipart@451001e5
2019-07-20 23:45:05 INFO  DownloadProvider:89 - ================================================================

2019-07-20 23:45:06 INFO  DownloadProvider:82 - == Email #5: ====================================================
2019-07-20 23:45:06 INFO  DownloadProvider:83 - 	 From: it talent <ittalent@topica.edu.vn>
2019-07-20 23:45:06 INFO  DownloadProvider:84 - 	 To: nghiatestmail@gmail.com
2019-07-20 23:45:06 INFO  DownloadProvider:85 - 	 CC: 
2019-07-20 23:45:06 INFO  DownloadProvider:86 - 	 Subject: nghia gui2
2019-07-20 23:45:06 INFO  DownloadProvider:87 - 	 Sent Date: Fri Jul 19 15:18:59 ICT 2019
2019-07-20 23:45:06 INFO  DownloadProvider:88 - 	 Message: javax.mail.internet.MimeMultipart@2b40ff9c
2019-07-20 23:45:06 INFO  DownloadProvider:89 - ================================================================

2019-07-20 23:45:06 INFO  DownloadProvider:82 - == Email #6: ====================================================
2019-07-20 23:45:06 INFO  DownloadProvider:83 - 	 From: it talent <ittalent@topica.edu.vn>
2019-07-20 23:45:06 INFO  DownloadProvider:84 - 	 To: nghiatestmail@gmail.com
2019-07-20 23:45:06 INFO  DownloadProvider:85 - 	 CC: 
2019-07-20 23:45:06 INFO  DownloadProvider:86 - 	 Subject: nghia gui3
2019-07-20 23:45:06 INFO  DownloadProvider:87 - 	 Sent Date: Fri Jul 19 15:19:59 ICT 2019
2019-07-20 23:45:06 INFO  DownloadProvider:88 - 	 Message: javax.mail.internet.MimeMultipart@3e08ff24
2019-07-20 23:45:06 INFO  DownloadProvider:89 - ================================================================

2019-07-20 23:47:53 DEBUG logging:35 - Logging Provider: org.jboss.logging.Log4jLoggerProvider
2019-07-20 23:47:53 INFO  Version:152 - WELD-000900: 2.2.6 (Final)
2019-07-20 23:47:53 DEBUG DefaultBeanArchiveScanner:123 - Resolved bean archive reference: /home/duchuy/Sources/Topica/DucDH_Topica/BTVN_THAYHUY/BTVN_MODULE_01/target/classes for URL: file:/home/duchuy/Sources/Topica/DucDH_Topica/BTVN_THAYHUY/BTVN_MODULE_01/target/classes/META-INF/beans.xml
2019-07-20 23:47:53 DEBUG FileSystemBeanArchiveHandler:58 - Handle path: /home/duchuy/Sources/Topica/DucDH_Topica/BTVN_THAYHUY/BTVN_MODULE_01/target/classes
2019-07-20 23:47:53 DEBUG FileSystemBeanArchiveHandler:90 - Handle directory: /home/duchuy/Sources/Topica/DucDH_Topica/BTVN_THAYHUY/BTVN_MODULE_01/target/classes
2019-07-20 23:47:53 DEBUG FileSystemBeanArchiveHandler:90 - Handle directory: /home/duchuy/Sources/Topica/DucDH_Topica/BTVN_THAYHUY/BTVN_MODULE_01/target/classes/META-INF
2019-07-20 23:47:53 DEBUG FileSystemBeanArchiveHandler:90 - Handle directory: /home/duchuy/Sources/Topica/DucDH_Topica/BTVN_THAYHUY/BTVN_MODULE_01/target/classes/com
2019-07-20 23:47:53 DEBUG FileSystemBeanArchiveHandler:90 - Handle directory: /home/duchuy/Sources/Topica/DucDH_Topica/BTVN_THAYHUY/BTVN_MODULE_01/target/classes/com/topica
2019-07-20 23:47:53 DEBUG FileSystemBeanArchiveHandler:90 - Handle directory: /home/duchuy/Sources/Topica/DucDH_Topica/BTVN_THAYHUY/BTVN_MODULE_01/target/classes/com/topica/spoj
2019-07-20 23:47:53 DEBUG FileSystemBeanArchiveHandler:90 - Handle directory: /home/duchuy/Sources/Topica/DucDH_Topica/BTVN_THAYHUY/BTVN_MODULE_01/target/classes/com/topica/spoj/exception
2019-07-20 23:47:53 DEBUG FileSystemBeanArchiveHandler:90 - Handle directory: /home/duchuy/Sources/Topica/DucDH_Topica/BTVN_THAYHUY/BTVN_MODULE_01/target/classes/com/topica/spoj/fetch
2019-07-20 23:47:53 DEBUG FileSystemBeanArchiveHandler:90 - Handle directory: /home/duchuy/Sources/Topica/DucDH_Topica/BTVN_THAYHUY/BTVN_MODULE_01/target/classes/com/topica/spoj/services
2019-07-20 23:47:53 DEBUG FileSystemBeanArchiveHandler:90 - Handle directory: /home/duchuy/Sources/Topica/DucDH_Topica/BTVN_THAYHUY/BTVN_MODULE_01/target/classes/com/topica/spoj/services/impl
2019-07-20 23:47:53 DEBUG Bootstrap:221 - WELD-ENV-000024: Archive isolation enabled - creating multiple isolated bean archives if needed
2019-07-20 23:47:53 INFO  Bootstrap:207 - WELD-000101: Transactional services not available. Injection of @Inject UserTransaction not available. Transactional observers will be invoked synchronously.
2019-07-20 23:47:53 DEBUG Bootstrap:40 - WELD-000124: Using 2 threads for bootstrap
2019-07-20 23:47:53 WARN  Interceptor:47 - WELD-001700: Interceptor annotation class javax.ejb.PostActivate not found, interception based on it is not enabled
2019-07-20 23:47:53 WARN  Interceptor:47 - WELD-001700: Interceptor annotation class javax.ejb.PrePassivate not found, interception based on it is not enabled
2019-07-20 23:47:53 DEBUG Bootstrap:504 - WELD-000106: Bean: WELD%AbstractSyntheticBean%deployment%ApplicationContext
2019-07-20 23:47:53 DEBUG Reflection:72 - WELD-000601: interface javax.inject.Singleton is missing @Target. Weld will use this annotation, however this may make the application unportable.
2019-07-20 23:47:53 DEBUG Bootstrap:504 - WELD-000106: Bean: WELD%AbstractSyntheticBean%deployment%SingletonContext
2019-07-20 23:47:53 DEBUG Bootstrap:504 - WELD-000106: Bean: WELD%AbstractSyntheticBean%deployment%BoundSessionContext
2019-07-20 23:47:53 DEBUG Bootstrap:504 - WELD-000106: Bean: WELD%AbstractSyntheticBean%deployment%BoundConversationContext
2019-07-20 23:47:53 DEBUG Bootstrap:504 - WELD-000106: Bean: WELD%AbstractSyntheticBean%deployment%BoundRequestContext
2019-07-20 23:47:53 DEBUG Bootstrap:504 - WELD-000106: Bean: WELD%AbstractSyntheticBean%deployment%RequestContext
2019-07-20 23:47:53 DEBUG Bootstrap:504 - WELD-000106: Bean: WELD%AbstractSyntheticBean%deployment%DependentContext
2019-07-20 23:47:53 DEBUG Bootstrap:504 - WELD-000106: Bean: Built-in Bean [javax.enterprise.inject.spi.BeanManager] with qualifiers [@Default]
2019-07-20 23:47:53 DEBUG Bootstrap:504 - WELD-000106: Bean: Built-in Bean [org.jboss.weld.manager.BeanManagerImpl] with qualifiers [@Default]
2019-07-20 23:47:54 DEBUG Bootstrap:504 - WELD-000106: Bean: Extension [class org.jboss.weld.environment.se.WeldSEBeanRegistrant] with qualifiers [@Default]; jar:file:/home/duchuy/.m2/repository/org/jboss/weld/se/weld-se/2.2.6.Final/weld-se-2.2.6.Final.jar!/META-INF/services/javax.enterprise.inject.spi.Extension@1[org.jboss.weld.environment.se.WeldSEBeanRegistrant@20d3d15a]
2019-07-20 23:47:54 DEBUG Bootstrap:504 - WELD-000106: Bean: Built-in Bean [javax.enterprise.inject.spi.BeanManager] with qualifiers [@Default]
2019-07-20 23:47:54 DEBUG Bootstrap:504 - WELD-000106: Bean: Built-in Bean [org.jboss.weld.manager.BeanManagerImpl] with qualifiers [@Default]
2019-07-20 23:47:54 DEBUG Bootstrap:223 - WELD-000103: Enabled alternatives for Weld BeanManager for /home/duchuy/Sources/Topica/DucDH_Topica/BTVN_THAYHUY/BTVN_MODULE_01/target/classes [bean count=3]: (empty collection)
2019-07-20 23:47:54 DEBUG Bootstrap:224 - WELD-000104: Enabled decorator types for Weld BeanManager for /home/duchuy/Sources/Topica/DucDH_Topica/BTVN_THAYHUY/BTVN_MODULE_01/target/classes [bean count=3]: (empty collection)
2019-07-20 23:47:54 DEBUG Bootstrap:225 - WELD-000105: Enabled interceptor types for Weld BeanManager for /home/duchuy/Sources/Topica/DucDH_Topica/BTVN_THAYHUY/BTVN_MODULE_01/target/classes [bean count=3]: (empty collection)
2019-07-20 23:47:54 DEBUG Bootstrap:108 - WELD-000108: Decorator: Decorator [class org.jboss.weld.environment.se.threading.RunnableDecorator] decorates [Runnable] with delegate type [Runnable] and delegate qualifiers [@Default]
2019-07-20 23:47:54 DEBUG Bootstrap:504 - WELD-000106: Bean: WELD%AbstractSyntheticBean%/home/duchuy/Sources/Topica/DucDH_Topica/BTVN_THAYHUY/BTVN_MODULE_01/target/classes%BoundConversationContext
2019-07-20 23:47:54 DEBUG Bootstrap:504 - WELD-000106: Bean: WELD%AbstractSyntheticBean%/home/duchuy/Sources/Topica/DucDH_Topica/BTVN_THAYHUY/BTVN_MODULE_01/target/classes%BoundSessionContext
2019-07-20 23:47:54 DEBUG Bootstrap:504 - WELD-000106: Bean: Implicit Bean [javax.enterprise.inject.spi.Interceptor] with qualifiers [@Default]
2019-07-20 23:47:54 DEBUG Bootstrap:504 - WELD-000106: Bean: Managed Bean [class com.topica.spoj.fetch.DownloadProvider] with qualifiers [@Any @Default]
2019-07-20 23:47:54 DEBUG Bootstrap:504 - WELD-000106: Bean: Implicit Bean [javax.enterprise.inject.spi.Bean] with qualifiers [@Decorated]
2019-07-20 23:47:54 DEBUG Bootstrap:504 - WELD-000106: Bean: WELD%AbstractSyntheticBean%/home/duchuy/Sources/Topica/DucDH_Topica/BTVN_THAYHUY/BTVN_MODULE_01/target/classes%RequestContext
2019-07-20 23:47:54 DEBUG Bootstrap:504 - WELD-000106: Bean: Producer Method [String[]] with qualifiers [@Parameters @Any] declared as [[UnbackedAnnotatedMethod] @Produces @Parameters public org.jboss.weld.environment.se.beans.ParametersFactory.getArgsAsArray()]
2019-07-20 23:47:54 DEBUG Bootstrap:504 - WELD-000106: Bean: Producer Method [List<String>] with qualifiers [@Parameters @Any] declared as [[UnbackedAnnotatedMethod] @Produces @Parameters public org.jboss.weld.environment.se.beans.ParametersFactory.getArgs()]
2019-07-20 23:47:54 DEBUG Bootstrap:504 - WELD-000106: Bean: WELD%AbstractSyntheticBean%/home/duchuy/Sources/Topica/DucDH_Topica/BTVN_THAYHUY/BTVN_MODULE_01/target/classes%SingletonContext
2019-07-20 23:47:54 DEBUG Bootstrap:504 - WELD-000106: Bean: Managed Bean [class com.topica.spoj.fetch.Constant] with qualifiers [@Any @Default]
2019-07-20 23:47:54 DEBUG Bootstrap:504 - WELD-000106: Bean: Managed Bean [class com.topica.spoj.services.impl.EmailProcessingServiceImpl] with qualifiers [@Default @Named @Any]
2019-07-20 23:47:54 DEBUG Bootstrap:504 - WELD-000106: Bean: Implicit Bean [javax.enterprise.inject.spi.Decorator] with qualifiers [@Default]
2019-07-20 23:47:54 DEBUG Bootstrap:504 - WELD-000106: Bean: Managed Bean [class org.jboss.weld.environment.se.beans.ParametersFactory] with qualifiers [@Any @Default]
2019-07-20 23:47:54 DEBUG Bootstrap:504 - WELD-000106: Bean: WELD%AbstractSyntheticBean%/home/duchuy/Sources/Topica/DucDH_Topica/BTVN_THAYHUY/BTVN_MODULE_01/target/classes%ApplicationContext
2019-07-20 23:47:54 DEBUG Bootstrap:504 - WELD-000106: Bean: Implicit Bean [javax.enterprise.event.Event] with qualifiers [@Default]
2019-07-20 23:47:54 DEBUG Bootstrap:504 - WELD-000106: Bean: Implicit Bean [javax.enterprise.inject.spi.Bean] with qualifiers [@Default]
2019-07-20 23:47:54 DEBUG Bootstrap:504 - WELD-000106: Bean: Managed Bean [class com.topica.spoj.Application] with qualifiers [@Any @Default]
2019-07-20 23:47:54 DEBUG Bootstrap:504 - WELD-000106: Bean: WELD%AbstractSyntheticBean%/home/duchuy/Sources/Topica/DucDH_Topica/BTVN_THAYHUY/BTVN_MODULE_01/target/classes%DependentContext
2019-07-20 23:47:54 DEBUG Bootstrap:504 - WELD-000106: Bean: Managed Bean [class org.jboss.weld.environment.se.WeldContainer] with qualifiers [@Any @Default]
2019-07-20 23:47:54 DEBUG Bootstrap:504 - WELD-000106: Bean: Managed Bean [class org.jboss.weld.environment.se.beans.InstanceManager] with qualifiers [@Any @Default]
2019-07-20 23:47:54 DEBUG Bootstrap:504 - WELD-000106: Bean: WELD%AbstractSyntheticBean%/home/duchuy/Sources/Topica/DucDH_Topica/BTVN_THAYHUY/BTVN_MODULE_01/target/classes%BoundRequestContext
2019-07-20 23:47:54 DEBUG Bootstrap:504 - WELD-000106: Bean: Implicit Bean [javax.enterprise.inject.spi.EventMetadata] with qualifiers [@Default]
2019-07-20 23:47:54 DEBUG Bootstrap:504 - WELD-000106: Bean: Implicit Bean [javax.enterprise.inject.Instance] with qualifiers [@Default]
2019-07-20 23:47:54 DEBUG Bootstrap:504 - WELD-000106: Bean: Implicit Bean [javax.enterprise.inject.spi.Bean] with qualifiers [@Intercepted]
2019-07-20 23:47:54 DEBUG Bootstrap:504 - WELD-000106: Bean: Managed Bean [class com.topica.spoj.fetch.Pop3Protocol] with qualifiers [@Default @Named @Any]
2019-07-20 23:47:54 DEBUG Bootstrap:504 - WELD-000106: Bean: WELD%AbstractSyntheticBean%/home/duchuy/Sources/Topica/DucDH_Topica/BTVN_THAYHUY/BTVN_MODULE_01/target/classes%Conversation
2019-07-20 23:47:54 DEBUG Bootstrap:504 - WELD-000106: Bean: Managed Bean [class com.topica.spoj.fetch.ImapProtocol] with qualifiers [@Default @Named @Any]
2019-07-20 23:47:54 DEBUG Bootstrap:504 - WELD-000106: Bean: Implicit Bean [javax.enterprise.inject.spi.InjectionPoint] with qualifiers [@Default]
2019-07-20 23:47:54 DEBUG Reflection:80 - WELD-000601: interface javax.inject.Named is missing @Target. Weld will use this annotation, however this may make the application unportable.
2019-07-20 23:47:54 DEBUG Bootstrap:431 - WELD-000100: Weld initialized. Validating beans
2019-07-20 23:47:54 DEBUG Reflection:82 - WELD-000620: interface javax.enterprise.inject.Decorated is not declared @Target(METHOD, FIELD, PARAMETER, TYPE). Weld will use this annotation, however this may make the application unportable.
2019-07-20 23:47:54 DEBUG Reflection:82 - WELD-000620: interface javax.enterprise.inject.Intercepted is not declared @Target(METHOD, FIELD, PARAMETER, TYPE). Weld will use this annotation, however this may make the application unportable.
2019-07-20 23:47:54 DEBUG DownloadProvider:124 - Info: {protocol: pop3s, hostname: pop.gmail.com, port: 995, username: ittalent@topica.edu.vn, password: topica123}
2019-07-20 23:47:58 INFO  DownloadProvider:82 - == Email #1: ====================================================
2019-07-20 23:47:58 INFO  DownloadProvider:83 - 	 From: it talent <ittalent@topica.edu.vn>
2019-07-20 23:47:58 INFO  DownloadProvider:84 - 	 To: hoangcongthanh1237d@gmail.com
2019-07-20 23:47:58 INFO  DownloadProvider:85 - 	 CC: 
2019-07-20 23:47:58 INFO  DownloadProvider:86 - 	 Subject: 
2019-07-20 23:47:58 INFO  DownloadProvider:87 - 	 Sent Date: Fri Jul 19 11:09:59 ICT 2019
2019-07-20 23:47:58 INFO  DownloadProvider:88 - 	 Message: javax.mail.internet.MimeMultipart@183ec003
2019-07-20 23:47:58 INFO  DownloadProvider:89 - ================================================================

2019-07-20 23:47:58 INFO  DownloadProvider:82 - == Email #2: ====================================================
2019-07-20 23:47:58 INFO  DownloadProvider:83 - 	 From: it talent <ittalent@topica.edu.vn>
2019-07-20 23:47:58 INFO  DownloadProvider:84 - 	 To: nghiatestmail@gmail.com
2019-07-20 23:47:58 INFO  DownloadProvider:85 - 	 CC: 
2019-07-20 23:47:58 INFO  DownloadProvider:86 - 	 Subject: nghia gui
2019-07-20 23:47:58 INFO  DownloadProvider:87 - 	 Sent Date: Fri Jul 19 14:34:53 ICT 2019
2019-07-20 23:47:58 INFO  DownloadProvider:88 - 	 Message: javax.mail.internet.MimeMultipart@7d9d0818
2019-07-20 23:47:58 INFO  DownloadProvider:89 - ================================================================

2019-07-20 23:47:59 INFO  DownloadProvider:82 - == Email #3: ====================================================
2019-07-20 23:47:59 INFO  DownloadProvider:83 - 	 From: it talent <ittalent@topica.edu.vn>
2019-07-20 23:47:59 INFO  DownloadProvider:84 - 	 To: hoangcongthanh1237d@gmail.com
2019-07-20 23:47:59 INFO  DownloadProvider:85 - 	 CC: 
2019-07-20 23:47:59 INFO  DownloadProvider:86 - 	 Subject: ITLAB-HOMEWORK
2019-07-20 23:47:59 INFO  DownloadProvider:87 - 	 Sent Date: Fri Jul 19 15:13:47 ICT 2019
2019-07-20 23:47:59 INFO  DownloadProvider:88 - 	 Message: javax.mail.internet.MimeMultipart@221a3fa4
2019-07-20 23:47:59 INFO  DownloadProvider:89 - ================================================================

2019-07-20 23:47:59 INFO  DownloadProvider:82 - == Email #4: ====================================================
2019-07-20 23:47:59 INFO  DownloadProvider:83 - 	 From: it talent <ittalent@topica.edu.vn>
2019-07-20 23:47:59 INFO  DownloadProvider:84 - 	 To: hoangcongthanh1237d@gmail.com
2019-07-20 23:47:59 INFO  DownloadProvider:85 - 	 CC: 
2019-07-20 23:47:59 INFO  DownloadProvider:86 - 	 Subject: demo
2019-07-20 23:47:59 INFO  DownloadProvider:87 - 	 Sent Date: Fri Jul 19 15:14:04 ICT 2019
2019-07-20 23:47:59 INFO  DownloadProvider:88 - 	 Message: javax.mail.internet.MimeMultipart@451001e5
2019-07-20 23:47:59 INFO  DownloadProvider:89 - ================================================================

2019-07-20 23:48:00 INFO  DownloadProvider:82 - == Email #5: ====================================================
2019-07-20 23:48:00 INFO  DownloadProvider:83 - 	 From: it talent <ittalent@topica.edu.vn>
2019-07-20 23:48:00 INFO  DownloadProvider:84 - 	 To: nghiatestmail@gmail.com
2019-07-20 23:48:00 INFO  DownloadProvider:85 - 	 CC: 
2019-07-20 23:48:00 INFO  DownloadProvider:86 - 	 Subject: nghia gui2
2019-07-20 23:48:00 INFO  DownloadProvider:87 - 	 Sent Date: Fri Jul 19 15:18:59 ICT 2019
2019-07-20 23:48:00 INFO  DownloadProvider:88 - 	 Message: javax.mail.internet.MimeMultipart@2b40ff9c
2019-07-20 23:48:00 INFO  DownloadProvider:89 - ================================================================

2019-07-20 23:48:00 INFO  DownloadProvider:82 - == Email #6: ====================================================
2019-07-20 23:48:00 INFO  DownloadProvider:83 - 	 From: it talent <ittalent@topica.edu.vn>
2019-07-20 23:48:00 INFO  DownloadProvider:84 - 	 To: nghiatestmail@gmail.com
2019-07-20 23:48:00 INFO  DownloadProvider:85 - 	 CC: 
2019-07-20 23:48:00 INFO  DownloadProvider:86 - 	 Subject: nghia gui3
2019-07-20 23:48:00 INFO  DownloadProvider:87 - 	 Sent Date: Fri Jul 19 15:19:59 ICT 2019
2019-07-20 23:48:00 INFO  DownloadProvider:88 - 	 Message: javax.mail.internet.MimeMultipart@3e08ff24
2019-07-20 23:48:00 INFO  DownloadProvider:89 - ================================================================

2019-07-20 23:52:44 DEBUG logging:35 - Logging Provider: org.jboss.logging.Log4jLoggerProvider
2019-07-20 23:52:45 INFO  Version:152 - WELD-000900: 2.2.6 (Final)
2019-07-20 23:52:45 DEBUG DefaultBeanArchiveScanner:123 - Resolved bean archive reference: /home/duchuy/Sources/Topica/DucDH_Topica/BTVN_THAYHUY/BTVN_MODULE_01/target/classes for URL: file:/home/duchuy/Sources/Topica/DucDH_Topica/BTVN_THAYHUY/BTVN_MODULE_01/target/classes/META-INF/beans.xml
2019-07-20 23:52:45 DEBUG FileSystemBeanArchiveHandler:58 - Handle path: /home/duchuy/Sources/Topica/DucDH_Topica/BTVN_THAYHUY/BTVN_MODULE_01/target/classes
2019-07-20 23:52:45 DEBUG FileSystemBeanArchiveHandler:90 - Handle directory: /home/duchuy/Sources/Topica/DucDH_Topica/BTVN_THAYHUY/BTVN_MODULE_01/target/classes
2019-07-20 23:52:45 DEBUG FileSystemBeanArchiveHandler:90 - Handle directory: /home/duchuy/Sources/Topica/DucDH_Topica/BTVN_THAYHUY/BTVN_MODULE_01/target/classes/META-INF
2019-07-20 23:52:45 DEBUG FileSystemBeanArchiveHandler:90 - Handle directory: /home/duchuy/Sources/Topica/DucDH_Topica/BTVN_THAYHUY/BTVN_MODULE_01/target/classes/com
2019-07-20 23:52:45 DEBUG FileSystemBeanArchiveHandler:90 - Handle directory: /home/duchuy/Sources/Topica/DucDH_Topica/BTVN_THAYHUY/BTVN_MODULE_01/target/classes/com/topica
2019-07-20 23:52:45 DEBUG FileSystemBeanArchiveHandler:90 - Handle directory: /home/duchuy/Sources/Topica/DucDH_Topica/BTVN_THAYHUY/BTVN_MODULE_01/target/classes/com/topica/spoj
2019-07-20 23:52:45 DEBUG FileSystemBeanArchiveHandler:90 - Handle directory: /home/duchuy/Sources/Topica/DucDH_Topica/BTVN_THAYHUY/BTVN_MODULE_01/target/classes/com/topica/spoj/exception
2019-07-20 23:52:45 DEBUG FileSystemBeanArchiveHandler:90 - Handle directory: /home/duchuy/Sources/Topica/DucDH_Topica/BTVN_THAYHUY/BTVN_MODULE_01/target/classes/com/topica/spoj/fetch
2019-07-20 23:52:45 DEBUG FileSystemBeanArchiveHandler:90 - Handle directory: /home/duchuy/Sources/Topica/DucDH_Topica/BTVN_THAYHUY/BTVN_MODULE_01/target/classes/com/topica/spoj/services
2019-07-20 23:52:45 DEBUG FileSystemBeanArchiveHandler:90 - Handle directory: /home/duchuy/Sources/Topica/DucDH_Topica/BTVN_THAYHUY/BTVN_MODULE_01/target/classes/com/topica/spoj/services/impl
2019-07-20 23:52:45 DEBUG Bootstrap:221 - WELD-ENV-000024: Archive isolation enabled - creating multiple isolated bean archives if needed
2019-07-20 23:52:45 INFO  Bootstrap:207 - WELD-000101: Transactional services not available. Injection of @Inject UserTransaction not available. Transactional observers will be invoked synchronously.
2019-07-20 23:52:45 DEBUG Bootstrap:40 - WELD-000124: Using 2 threads for bootstrap
2019-07-20 23:52:45 WARN  Interceptor:47 - WELD-001700: Interceptor annotation class javax.ejb.PostActivate not found, interception based on it is not enabled
2019-07-20 23:52:45 WARN  Interceptor:47 - WELD-001700: Interceptor annotation class javax.ejb.PrePassivate not found, interception based on it is not enabled
2019-07-20 23:52:45 DEBUG Bootstrap:504 - WELD-000106: Bean: WELD%AbstractSyntheticBean%deployment%ApplicationContext
2019-07-20 23:52:45 DEBUG Reflection:72 - WELD-000601: interface javax.inject.Singleton is missing @Target. Weld will use this annotation, however this may make the application unportable.
2019-07-20 23:52:45 DEBUG Bootstrap:504 - WELD-000106: Bean: WELD%AbstractSyntheticBean%deployment%SingletonContext
2019-07-20 23:52:45 DEBUG Bootstrap:504 - WELD-000106: Bean: WELD%AbstractSyntheticBean%deployment%BoundSessionContext
2019-07-20 23:52:45 DEBUG Bootstrap:504 - WELD-000106: Bean: WELD%AbstractSyntheticBean%deployment%BoundConversationContext
2019-07-20 23:52:45 DEBUG Bootstrap:504 - WELD-000106: Bean: WELD%AbstractSyntheticBean%deployment%BoundRequestContext
2019-07-20 23:52:45 DEBUG Bootstrap:504 - WELD-000106: Bean: WELD%AbstractSyntheticBean%deployment%RequestContext
2019-07-20 23:52:45 DEBUG Bootstrap:504 - WELD-000106: Bean: WELD%AbstractSyntheticBean%deployment%DependentContext
2019-07-20 23:52:45 DEBUG Bootstrap:504 - WELD-000106: Bean: Built-in Bean [javax.enterprise.inject.spi.BeanManager] with qualifiers [@Default]
2019-07-20 23:52:45 DEBUG Bootstrap:504 - WELD-000106: Bean: Built-in Bean [org.jboss.weld.manager.BeanManagerImpl] with qualifiers [@Default]
2019-07-20 23:52:45 DEBUG Bootstrap:504 - WELD-000106: Bean: Extension [class org.jboss.weld.environment.se.WeldSEBeanRegistrant] with qualifiers [@Default]; jar:file:/home/duchuy/.m2/repository/org/jboss/weld/se/weld-se/2.2.6.Final/weld-se-2.2.6.Final.jar!/META-INF/services/javax.enterprise.inject.spi.Extension@1[org.jboss.weld.environment.se.WeldSEBeanRegistrant@20d3d15a]
2019-07-20 23:52:45 DEBUG Bootstrap:504 - WELD-000106: Bean: Built-in Bean [javax.enterprise.inject.spi.BeanManager] with qualifiers [@Default]
2019-07-20 23:52:45 DEBUG Bootstrap:504 - WELD-000106: Bean: Built-in Bean [org.jboss.weld.manager.BeanManagerImpl] with qualifiers [@Default]
2019-07-20 23:52:45 DEBUG Bootstrap:223 - WELD-000103: Enabled alternatives for Weld BeanManager for /home/duchuy/Sources/Topica/DucDH_Topica/BTVN_THAYHUY/BTVN_MODULE_01/target/classes [bean count=3]: (empty collection)
2019-07-20 23:52:45 DEBUG Bootstrap:224 - WELD-000104: Enabled decorator types for Weld BeanManager for /home/duchuy/Sources/Topica/DucDH_Topica/BTVN_THAYHUY/BTVN_MODULE_01/target/classes [bean count=3]: (empty collection)
2019-07-20 23:52:45 DEBUG Bootstrap:225 - WELD-000105: Enabled interceptor types for Weld BeanManager for /home/duchuy/Sources/Topica/DucDH_Topica/BTVN_THAYHUY/BTVN_MODULE_01/target/classes [bean count=3]: (empty collection)
2019-07-20 23:52:45 DEBUG Bootstrap:108 - WELD-000108: Decorator: Decorator [class org.jboss.weld.environment.se.threading.RunnableDecorator] decorates [Runnable] with delegate type [Runnable] and delegate qualifiers [@Default]
2019-07-20 23:52:46 DEBUG Bootstrap:504 - WELD-000106: Bean: WELD%AbstractSyntheticBean%/home/duchuy/Sources/Topica/DucDH_Topica/BTVN_THAYHUY/BTVN_MODULE_01/target/classes%BoundConversationContext
2019-07-20 23:52:46 DEBUG Bootstrap:504 - WELD-000106: Bean: WELD%AbstractSyntheticBean%/home/duchuy/Sources/Topica/DucDH_Topica/BTVN_THAYHUY/BTVN_MODULE_01/target/classes%BoundSessionContext
2019-07-20 23:52:46 DEBUG Bootstrap:504 - WELD-000106: Bean: Implicit Bean [javax.enterprise.inject.spi.Interceptor] with qualifiers [@Default]
2019-07-20 23:52:46 DEBUG Bootstrap:504 - WELD-000106: Bean: Managed Bean [class com.topica.spoj.fetch.DownloadProvider] with qualifiers [@Any @Default]
2019-07-20 23:52:46 DEBUG Bootstrap:504 - WELD-000106: Bean: Implicit Bean [javax.enterprise.inject.spi.Bean] with qualifiers [@Decorated]
2019-07-20 23:52:46 DEBUG Bootstrap:504 - WELD-000106: Bean: WELD%AbstractSyntheticBean%/home/duchuy/Sources/Topica/DucDH_Topica/BTVN_THAYHUY/BTVN_MODULE_01/target/classes%RequestContext
2019-07-20 23:52:46 DEBUG Bootstrap:504 - WELD-000106: Bean: Producer Method [String[]] with qualifiers [@Parameters @Any] declared as [[UnbackedAnnotatedMethod] @Produces @Parameters public org.jboss.weld.environment.se.beans.ParametersFactory.getArgsAsArray()]
2019-07-20 23:52:46 DEBUG Bootstrap:504 - WELD-000106: Bean: Producer Method [List<String>] with qualifiers [@Parameters @Any] declared as [[UnbackedAnnotatedMethod] @Produces @Parameters public org.jboss.weld.environment.se.beans.ParametersFactory.getArgs()]
2019-07-20 23:52:46 DEBUG Bootstrap:504 - WELD-000106: Bean: WELD%AbstractSyntheticBean%/home/duchuy/Sources/Topica/DucDH_Topica/BTVN_THAYHUY/BTVN_MODULE_01/target/classes%SingletonContext
2019-07-20 23:52:46 DEBUG Bootstrap:504 - WELD-000106: Bean: Managed Bean [class com.topica.spoj.fetch.Constant] with qualifiers [@Any @Default]
2019-07-20 23:52:46 DEBUG Bootstrap:504 - WELD-000106: Bean: Managed Bean [class com.topica.spoj.services.impl.EmailProcessingServiceImpl] with qualifiers [@Default @Named @Any]
2019-07-20 23:52:46 DEBUG Bootstrap:504 - WELD-000106: Bean: Implicit Bean [javax.enterprise.inject.spi.Decorator] with qualifiers [@Default]
2019-07-20 23:52:46 DEBUG Bootstrap:504 - WELD-000106: Bean: Managed Bean [class org.jboss.weld.environment.se.beans.ParametersFactory] with qualifiers [@Any @Default]
2019-07-20 23:52:46 DEBUG Bootstrap:504 - WELD-000106: Bean: WELD%AbstractSyntheticBean%/home/duchuy/Sources/Topica/DucDH_Topica/BTVN_THAYHUY/BTVN_MODULE_01/target/classes%ApplicationContext
2019-07-20 23:52:46 DEBUG Bootstrap:504 - WELD-000106: Bean: Implicit Bean [javax.enterprise.event.Event] with qualifiers [@Default]
2019-07-20 23:52:46 DEBUG Bootstrap:504 - WELD-000106: Bean: Implicit Bean [javax.enterprise.inject.spi.Bean] with qualifiers [@Default]
2019-07-20 23:52:46 DEBUG Bootstrap:504 - WELD-000106: Bean: Managed Bean [class com.topica.spoj.Application] with qualifiers [@Any @Default]
2019-07-20 23:52:46 DEBUG Bootstrap:504 - WELD-000106: Bean: WELD%AbstractSyntheticBean%/home/duchuy/Sources/Topica/DucDH_Topica/BTVN_THAYHUY/BTVN_MODULE_01/target/classes%DependentContext
2019-07-20 23:52:46 DEBUG Bootstrap:504 - WELD-000106: Bean: Managed Bean [class org.jboss.weld.environment.se.WeldContainer] with qualifiers [@Any @Default]
2019-07-20 23:52:46 DEBUG Bootstrap:504 - WELD-000106: Bean: Managed Bean [class org.jboss.weld.environment.se.beans.InstanceManager] with qualifiers [@Any @Default]
2019-07-20 23:52:46 DEBUG Bootstrap:504 - WELD-000106: Bean: WELD%AbstractSyntheticBean%/home/duchuy/Sources/Topica/DucDH_Topica/BTVN_THAYHUY/BTVN_MODULE_01/target/classes%BoundRequestContext
2019-07-20 23:52:46 DEBUG Bootstrap:504 - WELD-000106: Bean: Implicit Bean [javax.enterprise.inject.spi.EventMetadata] with qualifiers [@Default]
2019-07-20 23:52:46 DEBUG Bootstrap:504 - WELD-000106: Bean: Implicit Bean [javax.enterprise.inject.Instance] with qualifiers [@Default]
2019-07-20 23:52:46 DEBUG Bootstrap:504 - WELD-000106: Bean: Implicit Bean [javax.enterprise.inject.spi.Bean] with qualifiers [@Intercepted]
2019-07-20 23:52:46 DEBUG Bootstrap:504 - WELD-000106: Bean: Managed Bean [class com.topica.spoj.fetch.Pop3Protocol] with qualifiers [@Default @Named @Any]
2019-07-20 23:52:46 DEBUG Bootstrap:504 - WELD-000106: Bean: WELD%AbstractSyntheticBean%/home/duchuy/Sources/Topica/DucDH_Topica/BTVN_THAYHUY/BTVN_MODULE_01/target/classes%Conversation
2019-07-20 23:52:46 DEBUG Bootstrap:504 - WELD-000106: Bean: Managed Bean [class com.topica.spoj.fetch.ImapProtocol] with qualifiers [@Default @Named @Any]
2019-07-20 23:52:46 DEBUG Bootstrap:504 - WELD-000106: Bean: Implicit Bean [javax.enterprise.inject.spi.InjectionPoint] with qualifiers [@Default]
2019-07-20 23:52:46 DEBUG Reflection:80 - WELD-000601: interface javax.inject.Named is missing @Target. Weld will use this annotation, however this may make the application unportable.
2019-07-20 23:52:46 DEBUG Bootstrap:431 - WELD-000100: Weld initialized. Validating beans
2019-07-20 23:52:46 DEBUG Reflection:82 - WELD-000620: interface javax.enterprise.inject.Decorated is not declared @Target(METHOD, FIELD, PARAMETER, TYPE). Weld will use this annotation, however this may make the application unportable.
2019-07-20 23:52:46 DEBUG Reflection:82 - WELD-000620: interface javax.enterprise.inject.Intercepted is not declared @Target(METHOD, FIELD, PARAMETER, TYPE). Weld will use this annotation, however this may make the application unportable.
2019-07-20 23:52:46 DEBUG DownloadProvider:124 - Info: {protocol: imap, hostname: imap.googlemail.com, port: 993, username: ittalent@topica.edu.vn, password: topica123}
2019-07-20 23:52:50 INFO  DownloadProvider:82 - == Email #1: ====================================================
2019-07-20 23:52:50 INFO  DownloadProvider:83 - 	 From: JetBrains Account <no_reply@jetbrains.com>
2019-07-20 23:52:50 INFO  DownloadProvider:84 - 	 To: ittalent@topica.edu.vn
2019-07-20 23:52:50 INFO  DownloadProvider:85 - 	 CC: 
2019-07-20 23:52:50 INFO  DownloadProvider:86 - 	 Subject: Complete your account registration
2019-07-20 23:52:50 INFO  DownloadProvider:87 - 	 Sent Date: Tue Jun 18 13:20:54 ICT 2019
2019-07-20 23:52:51 INFO  DownloadProvider:88 - 	 Message: javax.mail.internet.MimeMultipart@7bd7d6d6
2019-07-20 23:52:51 INFO  DownloadProvider:89 - ================================================================

2019-07-20 23:52:51 INFO  DownloadProvider:82 - == Email #2: ====================================================
2019-07-20 23:52:51 INFO  DownloadProvider:83 - 	 From: JetBrains Account <no_reply@jetbrains.com>
2019-07-20 23:52:51 INFO  DownloadProvider:84 - 	 To: ittalent@topica.edu.vn
2019-07-20 23:52:51 INFO  DownloadProvider:85 - 	 CC: 
2019-07-20 23:52:51 INFO  DownloadProvider:86 - 	 Subject: Complete your account registration
2019-07-20 23:52:51 INFO  DownloadProvider:87 - 	 Sent Date: Tue Jun 18 13:22:25 ICT 2019
2019-07-20 23:52:51 INFO  DownloadProvider:88 - 	 Message: javax.mail.internet.MimeMultipart@43f02ef2
2019-07-20 23:52:51 INFO  DownloadProvider:89 - ================================================================

2019-07-20 23:52:52 INFO  DownloadProvider:82 - == Email #3: ====================================================
2019-07-20 23:52:52 INFO  DownloadProvider:83 - 	 From: "Editey (floreysoft)" <info@floreysoft.net>
2019-07-20 23:52:52 INFO  DownloadProvider:84 - 	 To: ittalent@topica.edu.vn
2019-07-20 23:52:52 INFO  DownloadProvider:85 - 	 CC: 
2019-07-20 23:52:52 INFO  DownloadProvider:86 - 	 Subject: Welcome to Editey, it talent!
2019-07-20 23:52:52 INFO  DownloadProvider:87 - 	 Sent Date: Tue Jun 18 15:11:23 ICT 2019
2019-07-20 23:52:52 INFO  DownloadProvider:88 - 	 Message: javax.mail.internet.MimeMultipart@239a307b
2019-07-20 23:52:52 INFO  DownloadProvider:89 - ================================================================

2019-07-20 23:52:52 INFO  DownloadProvider:82 - == Email #4: ====================================================
2019-07-20 23:52:52 INFO  DownloadProvider:83 - 	 From: "=?UTF-8?Q?Tr=E1=BA=A7n_Th=E1=BB=8B_C=E1=BA=A9m_B=C3=ACnh_?= =?UTF-8?Q?(via_Google_Sheets)?=" <drive-shares-noreply@google.com>
2019-07-20 23:52:52 INFO  DownloadProvider:84 - 	 To: ittalent@topica.edu.vn
2019-07-20 23:52:52 INFO  DownloadProvider:85 - 	 CC: 
2019-07-20 23:52:52 INFO  DownloadProvider:86 - 	 Subject: IT Talent_Vn hnh kha hc - Invitation to edit
2019-07-20 23:52:52 INFO  DownloadProvider:87 - 	 Sent Date: Tue Jun 18 22:20:14 ICT 2019
2019-07-20 23:52:53 INFO  DownloadProvider:88 - 	 Message: javax.mail.internet.MimeMultipart@2de56eb2
2019-07-20 23:52:53 INFO  DownloadProvider:89 - ================================================================

2019-07-20 23:52:53 INFO  DownloadProvider:82 - == Email #5: ====================================================
2019-07-20 23:52:53 INFO  DownloadProvider:83 - 	 From: "=?UTF-8?Q?Tr=E1=BA=A7n_Th=E1=BB=8B_C=E1=BA=A9m_B=C3=ACnh_?= =?UTF-8?Q?(via_Google_Sheets)?=" <drive-shares-noreply@google.com>
2019-07-20 23:52:53 INFO  DownloadProvider:84 - 	 To: ittalent@topica.edu.vn
2019-07-20 23:52:53 INFO  DownloadProvider:85 - 	 CC: 
2019-07-20 23:52:53 INFO  DownloadProvider:86 - 	 Subject: IT Talent_Vn hnh kha hc - Invitation to view
2019-07-20 23:52:53 INFO  DownloadProvider:87 - 	 Sent Date: Fri Jun 28 15:16:54 ICT 2019
2019-07-20 23:52:54 INFO  DownloadProvider:88 - 	 Message: javax.mail.internet.MimeMultipart@5f8e8a9d
2019-07-20 23:52:54 INFO  DownloadProvider:89 - ================================================================

2019-07-20 23:52:54 INFO  DownloadProvider:82 - == Email #6: ====================================================
2019-07-20 23:52:54 INFO  DownloadProvider:83 - 	 From: =?UTF-8?Q?Nguy=E1=BB=85n_Xu=C3=A2n_Song?= <songnx@topica.edu.vn>
2019-07-20 23:52:54 INFO  DownloadProvider:84 - 	 To: ittalent@topica.edu.vn
2019-07-20 23:52:54 INFO  DownloadProvider:85 - 	 CC: =?UTF-8?Q?Nguy=E1=BB=85n_Quang_Huy?= <huynq12@topica.edu.vn>
2019-07-20 23:52:54 INFO  DownloadProvider:86 - 	 Subject: Bi tp v nh cho [Bi 5]
2019-07-20 23:52:54 INFO  DownloadProvider:87 - 	 Sent Date: Tue Jul 02 14:06:11 ICT 2019
2019-07-20 23:52:54 INFO  DownloadProvider:88 - 	 Message: javax.mail.internet.MimeMultipart@5745ca0e
2019-07-20 23:52:54 INFO  DownloadProvider:89 - ================================================================

2019-07-20 23:52:55 INFO  DownloadProvider:82 - == Email #7: ====================================================
2019-07-20 23:52:55 INFO  DownloadProvider:83 - 	 From: =?UTF-8?Q?Nguy=E1=BB=85n_Xu=C3=A2n_Song?= <songnx@topica.edu.vn>
2019-07-20 23:52:55 INFO  DownloadProvider:84 - 	 To: it talent <ittalent@topica.edu.vn>
2019-07-20 23:52:55 INFO  DownloadProvider:85 - 	 CC: 
2019-07-20 23:52:55 INFO  DownloadProvider:86 - 	 Subject: im bi tp v nh phn Collections
2019-07-20 23:52:55 INFO  DownloadProvider:87 - 	 Sent Date: Tue Jul 09 16:35:28 ICT 2019
2019-07-20 23:52:55 INFO  DownloadProvider:88 - 	 Message: javax.mail.internet.MimeMultipart@3ad83a66
2019-07-20 23:52:55 INFO  DownloadProvider:89 - ================================================================

2019-07-20 23:52:56 INFO  DownloadProvider:82 - == Email #8: ====================================================
2019-07-20 23:52:56 INFO  DownloadProvider:83 - 	 From: =?UTF-8?Q?Di=E1=BB=87p_Nguy=E1=BB=85n?= <nguyendiep.hvtc@gmail.com>
2019-07-20 23:52:56 INFO  DownloadProvider:84 - 	 To: ittalent@topica.edu.vn, itlab03@topica.edu.vn, binhttc@topica.edu
2019-07-20 23:52:56 INFO  DownloadProvider:85 - 	 CC: 
2019-07-20 23:52:56 INFO  DownloadProvider:86 - 	 Subject: null
2019-07-20 23:52:56 INFO  DownloadProvider:87 - 	 Sent Date: Tue Jul 09 17:16:35 ICT 2019
2019-07-20 23:52:56 INFO  DownloadProvider:88 - 	 Message: javax.mail.internet.MimeMultipart@3cce5371
2019-07-20 23:52:56 INFO  DownloadProvider:89 - ================================================================

2019-07-20 23:52:56 INFO  DownloadProvider:82 - == Email #9: ====================================================
2019-07-20 23:52:56 INFO  DownloadProvider:83 - 	 From: =?UTF-8?Q?Di=E1=BB=87p_Nguy=E1=BB=85n?= <nguyendiep.hvtc@gmail.com>
2019-07-20 23:52:56 INFO  DownloadProvider:84 - 	 To: binhttc@topica.edu.vn, ittalent@topica.edu.vn, itlab03@topica.edu.vn
2019-07-20 23:52:56 INFO  DownloadProvider:85 - 	 CC: 
2019-07-20 23:52:56 INFO  DownloadProvider:86 - 	 Subject: TRUYN THNG AI4 VN NATIONAL HACKATHON 2019.
2019-07-20 23:52:56 INFO  DownloadProvider:87 - 	 Sent Date: Tue Jul 09 17:19:53 ICT 2019
2019-07-20 23:52:57 INFO  DownloadProvider:88 - 	 Message: javax.mail.internet.MimeMultipart@17bffc17
2019-07-20 23:52:57 INFO  DownloadProvider:89 - ================================================================

2019-07-20 23:52:57 INFO  DownloadProvider:82 - == Email #10: ====================================================
2019-07-20 23:52:57 INFO  DownloadProvider:83 - 	 From: "=?UTF-8?Q?Tr=E1=BA=A7n_Th=E1=BB=8B_C=E1=BA=A9m_B=C3=ACnh_?= =?UTF-8?Q?(via_Google_Sheets)?=" <drive-shares-noreply@google.com>
2019-07-20 23:52:57 INFO  DownloadProvider:84 - 	 To: ittalent@topica.edu.vn
2019-07-20 23:52:57 INFO  DownloadProvider:85 - 	 CC: 
2019-07-20 23:52:57 INFO  DownloadProvider:86 - 	 Subject: IT Talent_Vn hnh kha hc - Invitation to edit
2019-07-20 23:52:57 INFO  DownloadProvider:87 - 	 Sent Date: Thu Jul 11 16:58:33 ICT 2019
2019-07-20 23:52:57 INFO  DownloadProvider:88 - 	 Message: javax.mail.internet.MimeMultipart@6e535154
2019-07-20 23:52:57 INFO  DownloadProvider:89 - ================================================================

2019-07-20 23:52:58 INFO  DownloadProvider:82 - == Email #11: ====================================================
2019-07-20 23:52:58 INFO  DownloadProvider:83 - 	 From: "=?UTF-8?Q?Nguy=E1=BB=85n_Th=C3=A0nh_Trung_(via_Google_Drive)?=" <drive-shares-noreply@google.com>
2019-07-20 23:52:58 INFO  DownloadProvider:84 - 	 To: ittalent@topica.edu.vn
2019-07-20 23:52:58 INFO  DownloadProvider:85 - 	 CC: 
2019-07-20 23:52:58 INFO  DownloadProvider:86 - 	 Subject: java8features1-170919023556.pdf
2019-07-20 23:52:58 INFO  DownloadProvider:87 - 	 Sent Date: Tue Jul 16 09:24:57 ICT 2019
2019-07-20 23:52:58 INFO  DownloadProvider:88 - 	 Message: javax.mail.internet.MimeMultipart@15a34df2
2019-07-20 23:52:58 INFO  DownloadProvider:89 - ================================================================

2019-07-20 23:52:59 INFO  DownloadProvider:82 - == Email #12: ====================================================
2019-07-20 23:52:59 INFO  DownloadProvider:83 - 	 From: Google <no-reply@accounts.google.com>
2019-07-20 23:52:59 INFO  DownloadProvider:84 - 	 To: ittalent@topica.edu.vn
2019-07-20 23:52:59 INFO  DownloadProvider:85 - 	 CC: 
2019-07-20 23:52:59 INFO  DownloadProvider:86 - 	 Subject: Critical security alert
2019-07-20 23:52:59 INFO  DownloadProvider:87 - 	 Sent Date: Thu Jul 18 17:02:29 ICT 2019
2019-07-20 23:52:59 INFO  DownloadProvider:88 - 	 Message: javax.mail.internet.MimeMultipart@5b38c1ec
2019-07-20 23:52:59 INFO  DownloadProvider:89 - ================================================================

2019-07-20 23:52:59 INFO  DownloadProvider:82 - == Email #13: ====================================================
2019-07-20 23:52:59 INFO  DownloadProvider:83 - 	 From: =?UTF-8?Q?=C4=90=E1=BA=A1o_Tr=E1=BA=A7n?= <dao.hy.204@gmail.com>
2019-07-20 23:52:59 INFO  DownloadProvider:84 - 	 To: ittalent@topica.edu.vn
2019-07-20 23:52:59 INFO  DownloadProvider:85 - 	 CC: 
2019-07-20 23:52:59 INFO  DownloadProvider:86 - 	 Subject: ITLAB-HOMEWORK
2019-07-20 23:52:59 INFO  DownloadProvider:87 - 	 Sent Date: Thu Jul 18 17:54:06 ICT 2019
2019-07-20 23:53:00 INFO  DownloadProvider:88 - 	 Message: javax.mail.internet.MimeMultipart@338fc1d8
2019-07-20 23:53:00 INFO  DownloadProvider:89 - ================================================================

2019-07-20 23:54:43 DEBUG logging:35 - Logging Provider: org.jboss.logging.Log4jLoggerProvider
2019-07-20 23:54:43 INFO  Version:152 - WELD-000900: 2.2.6 (Final)
2019-07-20 23:54:43 DEBUG DefaultBeanArchiveScanner:123 - Resolved bean archive reference: /home/duchuy/Sources/Topica/DucDH_Topica/BTVN_THAYHUY/BTVN_MODULE_01/target/classes for URL: file:/home/duchuy/Sources/Topica/DucDH_Topica/BTVN_THAYHUY/BTVN_MODULE_01/target/classes/META-INF/beans.xml
2019-07-20 23:54:43 DEBUG FileSystemBeanArchiveHandler:58 - Handle path: /home/duchuy/Sources/Topica/DucDH_Topica/BTVN_THAYHUY/BTVN_MODULE_01/target/classes
2019-07-20 23:54:43 DEBUG FileSystemBeanArchiveHandler:90 - Handle directory: /home/duchuy/Sources/Topica/DucDH_Topica/BTVN_THAYHUY/BTVN_MODULE_01/target/classes
2019-07-20 23:54:43 DEBUG FileSystemBeanArchiveHandler:90 - Handle directory: /home/duchuy/Sources/Topica/DucDH_Topica/BTVN_THAYHUY/BTVN_MODULE_01/target/classes/META-INF
2019-07-20 23:54:43 DEBUG FileSystemBeanArchiveHandler:90 - Handle directory: /home/duchuy/Sources/Topica/DucDH_Topica/BTVN_THAYHUY/BTVN_MODULE_01/target/classes/com
2019-07-20 23:54:43 DEBUG FileSystemBeanArchiveHandler:90 - Handle directory: /home/duchuy/Sources/Topica/DucDH_Topica/BTVN_THAYHUY/BTVN_MODULE_01/target/classes/com/topica
2019-07-20 23:54:43 DEBUG FileSystemBeanArchiveHandler:90 - Handle directory: /home/duchuy/Sources/Topica/DucDH_Topica/BTVN_THAYHUY/BTVN_MODULE_01/target/classes/com/topica/spoj
2019-07-20 23:54:43 DEBUG FileSystemBeanArchiveHandler:90 - Handle directory: /home/duchuy/Sources/Topica/DucDH_Topica/BTVN_THAYHUY/BTVN_MODULE_01/target/classes/com/topica/spoj/exception
2019-07-20 23:54:43 DEBUG FileSystemBeanArchiveHandler:90 - Handle directory: /home/duchuy/Sources/Topica/DucDH_Topica/BTVN_THAYHUY/BTVN_MODULE_01/target/classes/com/topica/spoj/fetch
2019-07-20 23:54:43 DEBUG FileSystemBeanArchiveHandler:90 - Handle directory: /home/duchuy/Sources/Topica/DucDH_Topica/BTVN_THAYHUY/BTVN_MODULE_01/target/classes/com/topica/spoj/services
2019-07-20 23:54:43 DEBUG FileSystemBeanArchiveHandler:90 - Handle directory: /home/duchuy/Sources/Topica/DucDH_Topica/BTVN_THAYHUY/BTVN_MODULE_01/target/classes/com/topica/spoj/services/impl
2019-07-20 23:54:43 DEBUG Bootstrap:221 - WELD-ENV-000024: Archive isolation enabled - creating multiple isolated bean archives if needed
2019-07-20 23:54:44 INFO  Bootstrap:207 - WELD-000101: Transactional services not available. Injection of @Inject UserTransaction not available. Transactional observers will be invoked synchronously.
2019-07-20 23:54:44 DEBUG Bootstrap:40 - WELD-000124: Using 2 threads for bootstrap
2019-07-20 23:54:44 WARN  Interceptor:47 - WELD-001700: Interceptor annotation class javax.ejb.PostActivate not found, interception based on it is not enabled
2019-07-20 23:54:44 WARN  Interceptor:47 - WELD-001700: Interceptor annotation class javax.ejb.PrePassivate not found, interception based on it is not enabled
2019-07-20 23:54:44 DEBUG Bootstrap:504 - WELD-000106: Bean: WELD%AbstractSyntheticBean%deployment%ApplicationContext
2019-07-20 23:54:44 DEBUG Reflection:72 - WELD-000601: interface javax.inject.Singleton is missing @Target. Weld will use this annotation, however this may make the application unportable.
2019-07-20 23:54:44 DEBUG Bootstrap:504 - WELD-000106: Bean: WELD%AbstractSyntheticBean%deployment%SingletonContext
2019-07-20 23:54:44 DEBUG Bootstrap:504 - WELD-000106: Bean: WELD%AbstractSyntheticBean%deployment%BoundSessionContext
2019-07-20 23:54:44 DEBUG Bootstrap:504 - WELD-000106: Bean: WELD%AbstractSyntheticBean%deployment%BoundConversationContext
2019-07-20 23:54:44 DEBUG Bootstrap:504 - WELD-000106: Bean: WELD%AbstractSyntheticBean%deployment%BoundRequestContext
2019-07-20 23:54:44 DEBUG Bootstrap:504 - WELD-000106: Bean: WELD%AbstractSyntheticBean%deployment%RequestContext
2019-07-20 23:54:44 DEBUG Bootstrap:504 - WELD-000106: Bean: WELD%AbstractSyntheticBean%deployment%DependentContext
2019-07-20 23:54:44 DEBUG Bootstrap:504 - WELD-000106: Bean: Built-in Bean [javax.enterprise.inject.spi.BeanManager] with qualifiers [@Default]
2019-07-20 23:54:44 DEBUG Bootstrap:504 - WELD-000106: Bean: Built-in Bean [org.jboss.weld.manager.BeanManagerImpl] with qualifiers [@Default]
2019-07-20 23:54:44 DEBUG Bootstrap:504 - WELD-000106: Bean: Extension [class org.jboss.weld.environment.se.WeldSEBeanRegistrant] with qualifiers [@Default]; jar:file:/home/duchuy/.m2/repository/org/jboss/weld/se/weld-se/2.2.6.Final/weld-se-2.2.6.Final.jar!/META-INF/services/javax.enterprise.inject.spi.Extension@1[org.jboss.weld.environment.se.WeldSEBeanRegistrant@20d3d15a]
2019-07-20 23:54:44 DEBUG Bootstrap:504 - WELD-000106: Bean: Built-in Bean [javax.enterprise.inject.spi.BeanManager] with qualifiers [@Default]
2019-07-20 23:54:44 DEBUG Bootstrap:504 - WELD-000106: Bean: Built-in Bean [org.jboss.weld.manager.BeanManagerImpl] with qualifiers [@Default]
2019-07-20 23:54:44 DEBUG Bootstrap:223 - WELD-000103: Enabled alternatives for Weld BeanManager for /home/duchuy/Sources/Topica/DucDH_Topica/BTVN_THAYHUY/BTVN_MODULE_01/target/classes [bean count=3]: (empty collection)
2019-07-20 23:54:44 DEBUG Bootstrap:224 - WELD-000104: Enabled decorator types for Weld BeanManager for /home/duchuy/Sources/Topica/DucDH_Topica/BTVN_THAYHUY/BTVN_MODULE_01/target/classes [bean count=3]: (empty collection)
2019-07-20 23:54:44 DEBUG Bootstrap:225 - WELD-000105: Enabled interceptor types for Weld BeanManager for /home/duchuy/Sources/Topica/DucDH_Topica/BTVN_THAYHUY/BTVN_MODULE_01/target/classes [bean count=3]: (empty collection)
2019-07-20 23:54:44 DEBUG Bootstrap:108 - WELD-000108: Decorator: Decorator [class org.jboss.weld.environment.se.threading.RunnableDecorator] decorates [Runnable] with delegate type [Runnable] and delegate qualifiers [@Default]
2019-07-20 23:54:44 DEBUG Bootstrap:504 - WELD-000106: Bean: WELD%AbstractSyntheticBean%/home/duchuy/Sources/Topica/DucDH_Topica/BTVN_THAYHUY/BTVN_MODULE_01/target/classes%BoundConversationContext
2019-07-20 23:54:44 DEBUG Bootstrap:504 - WELD-000106: Bean: WELD%AbstractSyntheticBean%/home/duchuy/Sources/Topica/DucDH_Topica/BTVN_THAYHUY/BTVN_MODULE_01/target/classes%BoundSessionContext
2019-07-20 23:54:44 DEBUG Bootstrap:504 - WELD-000106: Bean: Implicit Bean [javax.enterprise.inject.spi.Interceptor] with qualifiers [@Default]
2019-07-20 23:54:44 DEBUG Bootstrap:504 - WELD-000106: Bean: Managed Bean [class com.topica.spoj.fetch.DownloadProvider] with qualifiers [@Any @Default]
2019-07-20 23:54:44 DEBUG Bootstrap:504 - WELD-000106: Bean: Implicit Bean [javax.enterprise.inject.spi.Bean] with qualifiers [@Decorated]
2019-07-20 23:54:44 DEBUG Bootstrap:504 - WELD-000106: Bean: WELD%AbstractSyntheticBean%/home/duchuy/Sources/Topica/DucDH_Topica/BTVN_THAYHUY/BTVN_MODULE_01/target/classes%RequestContext
2019-07-20 23:54:44 DEBUG Bootstrap:504 - WELD-000106: Bean: Producer Method [String[]] with qualifiers [@Parameters @Any] declared as [[UnbackedAnnotatedMethod] @Produces @Parameters public org.jboss.weld.environment.se.beans.ParametersFactory.getArgsAsArray()]
2019-07-20 23:54:44 DEBUG Bootstrap:504 - WELD-000106: Bean: Producer Method [List<String>] with qualifiers [@Parameters @Any] declared as [[UnbackedAnnotatedMethod] @Produces @Parameters public org.jboss.weld.environment.se.beans.ParametersFactory.getArgs()]
2019-07-20 23:54:44 DEBUG Bootstrap:504 - WELD-000106: Bean: WELD%AbstractSyntheticBean%/home/duchuy/Sources/Topica/DucDH_Topica/BTVN_THAYHUY/BTVN_MODULE_01/target/classes%SingletonContext
2019-07-20 23:54:44 DEBUG Bootstrap:504 - WELD-000106: Bean: Managed Bean [class com.topica.spoj.fetch.Constant] with qualifiers [@Any @Default]
2019-07-20 23:54:44 DEBUG Bootstrap:504 - WELD-000106: Bean: Managed Bean [class com.topica.spoj.services.impl.EmailProcessingServiceImpl] with qualifiers [@Default @Named @Any]
2019-07-20 23:54:44 DEBUG Bootstrap:504 - WELD-000106: Bean: Implicit Bean [javax.enterprise.inject.spi.Decorator] with qualifiers [@Default]
2019-07-20 23:54:44 DEBUG Bootstrap:504 - WELD-000106: Bean: Managed Bean [class org.jboss.weld.environment.se.beans.ParametersFactory] with qualifiers [@Any @Default]
2019-07-20 23:54:44 DEBUG Bootstrap:504 - WELD-000106: Bean: WELD%AbstractSyntheticBean%/home/duchuy/Sources/Topica/DucDH_Topica/BTVN_THAYHUY/BTVN_MODULE_01/target/classes%ApplicationContext
2019-07-20 23:54:44 DEBUG Bootstrap:504 - WELD-000106: Bean: Implicit Bean [javax.enterprise.event.Event] with qualifiers [@Default]
2019-07-20 23:54:44 DEBUG Bootstrap:504 - WELD-000106: Bean: Implicit Bean [javax.enterprise.inject.spi.Bean] with qualifiers [@Default]
2019-07-20 23:54:44 DEBUG Bootstrap:504 - WELD-000106: Bean: Managed Bean [class com.topica.spoj.Application] with qualifiers [@Any @Default]
2019-07-20 23:54:44 DEBUG Bootstrap:504 - WELD-000106: Bean: WELD%AbstractSyntheticBean%/home/duchuy/Sources/Topica/DucDH_Topica/BTVN_THAYHUY/BTVN_MODULE_01/target/classes%DependentContext
2019-07-20 23:54:44 DEBUG Bootstrap:504 - WELD-000106: Bean: Managed Bean [class org.jboss.weld.environment.se.WeldContainer] with qualifiers [@Any @Default]
2019-07-20 23:54:44 DEBUG Bootstrap:504 - WELD-000106: Bean: Managed Bean [class org.jboss.weld.environment.se.beans.InstanceManager] with qualifiers [@Any @Default]
2019-07-20 23:54:44 DEBUG Bootstrap:504 - WELD-000106: Bean: WELD%AbstractSyntheticBean%/home/duchuy/Sources/Topica/DucDH_Topica/BTVN_THAYHUY/BTVN_MODULE_01/target/classes%BoundRequestContext
2019-07-20 23:54:44 DEBUG Bootstrap:504 - WELD-000106: Bean: Implicit Bean [javax.enterprise.inject.spi.EventMetadata] with qualifiers [@Default]
2019-07-20 23:54:44 DEBUG Bootstrap:504 - WELD-000106: Bean: Implicit Bean [javax.enterprise.inject.Instance] with qualifiers [@Default]
2019-07-20 23:54:44 DEBUG Bootstrap:504 - WELD-000106: Bean: Implicit Bean [javax.enterprise.inject.spi.Bean] with qualifiers [@Intercepted]
2019-07-20 23:54:44 DEBUG Bootstrap:504 - WELD-000106: Bean: Managed Bean [class com.topica.spoj.fetch.Pop3Protocol] with qualifiers [@Default @Named @Any]
2019-07-20 23:54:44 DEBUG Bootstrap:504 - WELD-000106: Bean: WELD%AbstractSyntheticBean%/home/duchuy/Sources/Topica/DucDH_Topica/BTVN_THAYHUY/BTVN_MODULE_01/target/classes%Conversation
2019-07-20 23:54:44 DEBUG Bootstrap:504 - WELD-000106: Bean: Managed Bean [class com.topica.spoj.fetch.ImapProtocol] with qualifiers [@Default @Named @Any]
2019-07-20 23:54:44 DEBUG Bootstrap:504 - WELD-000106: Bean: Implicit Bean [javax.enterprise.inject.spi.InjectionPoint] with qualifiers [@Default]
2019-07-20 23:54:44 DEBUG Reflection:80 - WELD-000601: interface javax.inject.Named is missing @Target. Weld will use this annotation, however this may make the application unportable.
2019-07-20 23:54:44 DEBUG Bootstrap:431 - WELD-000100: Weld initialized. Validating beans
2019-07-20 23:54:44 DEBUG Reflection:82 - WELD-000620: interface javax.enterprise.inject.Decorated is not declared @Target(METHOD, FIELD, PARAMETER, TYPE). Weld will use this annotation, however this may make the application unportable.
2019-07-20 23:54:44 DEBUG Reflection:82 - WELD-000620: interface javax.enterprise.inject.Intercepted is not declared @Target(METHOD, FIELD, PARAMETER, TYPE). Weld will use this annotation, however this may make the application unportable.
2019-07-20 23:54:44 DEBUG DownloadProvider:124 - Info: {protocol: imap, hostname: imap.googlemail.com, port: 993, username: ittalent@topica.edu.vn, password: topica123}
2019-07-20 23:54:49 INFO  DownloadProvider:82 - == Email #1: ====================================================
2019-07-20 23:54:49 INFO  DownloadProvider:83 - 	 Subject: Complete your account registration
2019-07-20 23:54:49 INFO  DownloadProvider:84 - 	 From: JetBrains Account <no_reply@jetbrains.com>
2019-07-20 23:54:49 INFO  DownloadProvider:85 - 	 To: ittalent@topica.edu.vn
2019-07-20 23:54:49 INFO  DownloadProvider:86 - 	 CC: 
2019-07-20 23:54:49 INFO  DownloadProvider:87 - 	 Sent Date: Tue Jun 18 13:20:54 ICT 2019
2019-07-20 23:54:49 INFO  DownloadProvider:88 - 	 Message: javax.mail.internet.MimeMultipart@7bd7d6d6
2019-07-20 23:54:49 INFO  DownloadProvider:89 - ================================================================

2019-07-20 23:54:50 INFO  DownloadProvider:82 - == Email #2: ====================================================
2019-07-20 23:54:50 INFO  DownloadProvider:83 - 	 Subject: Complete your account registration
2019-07-20 23:54:50 INFO  DownloadProvider:84 - 	 From: JetBrains Account <no_reply@jetbrains.com>
2019-07-20 23:54:50 INFO  DownloadProvider:85 - 	 To: ittalent@topica.edu.vn
2019-07-20 23:54:50 INFO  DownloadProvider:86 - 	 CC: 
2019-07-20 23:54:50 INFO  DownloadProvider:87 - 	 Sent Date: Tue Jun 18 13:22:25 ICT 2019
2019-07-20 23:54:50 INFO  DownloadProvider:88 - 	 Message: javax.mail.internet.MimeMultipart@43f02ef2
2019-07-20 23:54:50 INFO  DownloadProvider:89 - ================================================================

2019-07-20 23:54:50 INFO  DownloadProvider:82 - == Email #3: ====================================================
2019-07-20 23:54:50 INFO  DownloadProvider:83 - 	 Subject: Welcome to Editey, it talent!
2019-07-20 23:54:50 INFO  DownloadProvider:84 - 	 From: "Editey (floreysoft)" <info@floreysoft.net>
2019-07-20 23:54:50 INFO  DownloadProvider:85 - 	 To: ittalent@topica.edu.vn
2019-07-20 23:54:50 INFO  DownloadProvider:86 - 	 CC: 
2019-07-20 23:54:50 INFO  DownloadProvider:87 - 	 Sent Date: Tue Jun 18 15:11:23 ICT 2019
2019-07-20 23:54:51 INFO  DownloadProvider:88 - 	 Message: javax.mail.internet.MimeMultipart@239a307b
2019-07-20 23:54:51 INFO  DownloadProvider:89 - ================================================================

2019-07-20 23:54:51 INFO  DownloadProvider:82 - == Email #4: ====================================================
2019-07-20 23:54:51 INFO  DownloadProvider:83 - 	 Subject: IT Talent_Vn hnh kha hc - Invitation to edit
2019-07-20 23:54:51 INFO  DownloadProvider:84 - 	 From: "=?UTF-8?Q?Tr=E1=BA=A7n_Th=E1=BB=8B_C=E1=BA=A9m_B=C3=ACnh_?= =?UTF-8?Q?(via_Google_Sheets)?=" <drive-shares-noreply@google.com>
2019-07-20 23:54:51 INFO  DownloadProvider:85 - 	 To: ittalent@topica.edu.vn
2019-07-20 23:54:51 INFO  DownloadProvider:86 - 	 CC: 
2019-07-20 23:54:51 INFO  DownloadProvider:87 - 	 Sent Date: Tue Jun 18 22:20:14 ICT 2019
2019-07-20 23:54:51 INFO  DownloadProvider:88 - 	 Message: javax.mail.internet.MimeMultipart@2de56eb2
2019-07-20 23:54:51 INFO  DownloadProvider:89 - ================================================================

2019-07-20 23:54:52 INFO  DownloadProvider:82 - == Email #5: ====================================================
2019-07-20 23:54:52 INFO  DownloadProvider:83 - 	 Subject: IT Talent_Vn hnh kha hc - Invitation to view
2019-07-20 23:54:52 INFO  DownloadProvider:84 - 	 From: "=?UTF-8?Q?Tr=E1=BA=A7n_Th=E1=BB=8B_C=E1=BA=A9m_B=C3=ACnh_?= =?UTF-8?Q?(via_Google_Sheets)?=" <drive-shares-noreply@google.com>
2019-07-20 23:54:52 INFO  DownloadProvider:85 - 	 To: ittalent@topica.edu.vn
2019-07-20 23:54:52 INFO  DownloadProvider:86 - 	 CC: 
2019-07-20 23:54:52 INFO  DownloadProvider:87 - 	 Sent Date: Fri Jun 28 15:16:54 ICT 2019
2019-07-20 23:54:52 INFO  DownloadProvider:88 - 	 Message: javax.mail.internet.MimeMultipart@5f8e8a9d
2019-07-20 23:54:52 INFO  DownloadProvider:89 - ================================================================

2019-07-20 23:54:52 INFO  DownloadProvider:82 - == Email #6: ====================================================
2019-07-20 23:54:52 INFO  DownloadProvider:83 - 	 Subject: Bi tp v nh cho [Bi 5]
2019-07-20 23:54:52 INFO  DownloadProvider:84 - 	 From: =?UTF-8?Q?Nguy=E1=BB=85n_Xu=C3=A2n_Song?= <songnx@topica.edu.vn>
2019-07-20 23:54:52 INFO  DownloadProvider:85 - 	 To: ittalent@topica.edu.vn
2019-07-20 23:54:52 INFO  DownloadProvider:86 - 	 CC: =?UTF-8?Q?Nguy=E1=BB=85n_Quang_Huy?= <huynq12@topica.edu.vn>
2019-07-20 23:54:52 INFO  DownloadProvider:87 - 	 Sent Date: Tue Jul 02 14:06:11 ICT 2019
2019-07-20 23:54:53 INFO  DownloadProvider:88 - 	 Message: javax.mail.internet.MimeMultipart@5745ca0e
2019-07-20 23:54:53 INFO  DownloadProvider:89 - ================================================================

2019-07-20 23:54:53 INFO  DownloadProvider:82 - == Email #7: ====================================================
2019-07-20 23:54:53 INFO  DownloadProvider:83 - 	 Subject: im bi tp v nh phn Collections
2019-07-20 23:54:53 INFO  DownloadProvider:84 - 	 From: =?UTF-8?Q?Nguy=E1=BB=85n_Xu=C3=A2n_Song?= <songnx@topica.edu.vn>
2019-07-20 23:54:53 INFO  DownloadProvider:85 - 	 To: it talent <ittalent@topica.edu.vn>
2019-07-20 23:54:53 INFO  DownloadProvider:86 - 	 CC: 
2019-07-20 23:54:53 INFO  DownloadProvider:87 - 	 Sent Date: Tue Jul 09 16:35:28 ICT 2019
2019-07-20 23:54:53 INFO  DownloadProvider:88 - 	 Message: javax.mail.internet.MimeMultipart@3ad83a66
2019-07-20 23:54:53 INFO  DownloadProvider:89 - ================================================================

2019-07-20 23:54:54 INFO  DownloadProvider:82 - == Email #8: ====================================================
2019-07-20 23:54:54 INFO  DownloadProvider:83 - 	 Subject: null
2019-07-20 23:54:54 INFO  DownloadProvider:84 - 	 From: =?UTF-8?Q?Di=E1=BB=87p_Nguy=E1=BB=85n?= <nguyendiep.hvtc@gmail.com>
2019-07-20 23:54:54 INFO  DownloadProvider:85 - 	 To: ittalent@topica.edu.vn, itlab03@topica.edu.vn, binhttc@topica.edu
2019-07-20 23:54:54 INFO  DownloadProvider:86 - 	 CC: 
2019-07-20 23:54:54 INFO  DownloadProvider:87 - 	 Sent Date: Tue Jul 09 17:16:35 ICT 2019
2019-07-20 23:54:54 INFO  DownloadProvider:88 - 	 Message: javax.mail.internet.MimeMultipart@3cce5371
2019-07-20 23:54:54 INFO  DownloadProvider:89 - ================================================================

2019-07-20 23:54:55 INFO  DownloadProvider:82 - == Email #9: ====================================================
2019-07-20 23:54:55 INFO  DownloadProvider:83 - 	 Subject: TRUYN THNG AI4 VN NATIONAL HACKATHON 2019.
2019-07-20 23:54:55 INFO  DownloadProvider:84 - 	 From: =?UTF-8?Q?Di=E1=BB=87p_Nguy=E1=BB=85n?= <nguyendiep.hvtc@gmail.com>
2019-07-20 23:54:55 INFO  DownloadProvider:85 - 	 To: binhttc@topica.edu.vn, ittalent@topica.edu.vn, itlab03@topica.edu.vn
2019-07-20 23:54:55 INFO  DownloadProvider:86 - 	 CC: 
2019-07-20 23:54:55 INFO  DownloadProvider:87 - 	 Sent Date: Tue Jul 09 17:19:53 ICT 2019
2019-07-20 23:54:55 INFO  DownloadProvider:88 - 	 Message: javax.mail.internet.MimeMultipart@17bffc17
2019-07-20 23:54:55 INFO  DownloadProvider:89 - ================================================================

2019-07-20 23:54:55 INFO  DownloadProvider:82 - == Email #10: ====================================================
2019-07-20 23:54:55 INFO  DownloadProvider:83 - 	 Subject: IT Talent_Vn hnh kha hc - Invitation to edit
2019-07-20 23:54:55 INFO  DownloadProvider:84 - 	 From: "=?UTF-8?Q?Tr=E1=BA=A7n_Th=E1=BB=8B_C=E1=BA=A9m_B=C3=ACnh_?= =?UTF-8?Q?(via_Google_Sheets)?=" <drive-shares-noreply@google.com>
2019-07-20 23:54:55 INFO  DownloadProvider:85 - 	 To: ittalent@topica.edu.vn
2019-07-20 23:54:55 INFO  DownloadProvider:86 - 	 CC: 
2019-07-20 23:54:55 INFO  DownloadProvider:87 - 	 Sent Date: Thu Jul 11 16:58:33 ICT 2019
2019-07-20 23:54:56 INFO  DownloadProvider:88 - 	 Message: javax.mail.internet.MimeMultipart@6e535154
2019-07-20 23:54:56 INFO  DownloadProvider:89 - ================================================================

2019-07-20 23:54:56 INFO  DownloadProvider:82 - == Email #11: ====================================================
2019-07-20 23:54:56 INFO  DownloadProvider:83 - 	 Subject: java8features1-170919023556.pdf
2019-07-20 23:54:56 INFO  DownloadProvider:84 - 	 From: "=?UTF-8?Q?Nguy=E1=BB=85n_Th=C3=A0nh_Trung_(via_Google_Drive)?=" <drive-shares-noreply@google.com>
2019-07-20 23:54:56 INFO  DownloadProvider:85 - 	 To: ittalent@topica.edu.vn
2019-07-20 23:54:56 INFO  DownloadProvider:86 - 	 CC: 
2019-07-20 23:54:56 INFO  DownloadProvider:87 - 	 Sent Date: Tue Jul 16 09:24:57 ICT 2019
2019-07-20 23:54:56 INFO  DownloadProvider:88 - 	 Message: javax.mail.internet.MimeMultipart@15a34df2
2019-07-20 23:54:56 INFO  DownloadProvider:89 - ================================================================

2019-07-20 23:54:57 INFO  DownloadProvider:82 - == Email #12: ====================================================
2019-07-20 23:54:57 INFO  DownloadProvider:83 - 	 Subject: Critical security alert
2019-07-20 23:54:57 INFO  DownloadProvider:84 - 	 From: Google <no-reply@accounts.google.com>
2019-07-20 23:54:57 INFO  DownloadProvider:85 - 	 To: ittalent@topica.edu.vn
2019-07-20 23:54:57 INFO  DownloadProvider:86 - 	 CC: 
2019-07-20 23:54:57 INFO  DownloadProvider:87 - 	 Sent Date: Thu Jul 18 17:02:29 ICT 2019
2019-07-20 23:54:57 INFO  DownloadProvider:88 - 	 Message: javax.mail.internet.MimeMultipart@5b38c1ec
2019-07-20 23:54:57 INFO  DownloadProvider:89 - ================================================================

2019-07-20 23:54:57 INFO  DownloadProvider:82 - == Email #13: ====================================================
2019-07-20 23:54:57 INFO  DownloadProvider:83 - 	 Subject: ITLAB-HOMEWORK
2019-07-20 23:54:57 INFO  DownloadProvider:84 - 	 From: =?UTF-8?Q?=C4=90=E1=BA=A1o_Tr=E1=BA=A7n?= <dao.hy.204@gmail.com>
2019-07-20 23:54:57 INFO  DownloadProvider:85 - 	 To: ittalent@topica.edu.vn
2019-07-20 23:54:57 INFO  DownloadProvider:86 - 	 CC: 
2019-07-20 23:54:57 INFO  DownloadProvider:87 - 	 Sent Date: Thu Jul 18 17:54:06 ICT 2019
2019-07-20 23:54:58 INFO  DownloadProvider:88 - 	 Message: javax.mail.internet.MimeMultipart@338fc1d8
2019-07-20 23:54:58 INFO  DownloadProvider:89 - ================================================================

